$ brew install gh
==> Auto-updating Homebrew...
Adjust how often this is run with `$HOMEBREW_AUTO_UPDATE_SECS` or disable with
`$HOMEBREW_NO_AUTO_UPDATE=1`. Hide these hints with `$HOMEBREW_NO_ENV_HINTS=1` (see `man brew`).
==> Downloading https://ghcr.io/v2/homebrew/core/portable-ruby/blobs/sha256:cef6f881f516d2cdbd0a5bfc7e20318da8b047cf2674ee27c5d4858d3ecd6430
########################################################################################################################################################################### 100.0%
==> Pouring portable-ruby-4.0.1.arm64_big_sur.bottle.tar.gz
==> Auto-updated Homebrew!
Updated 1 tap (jandedobbeleer/oh-my-posh).

You have 126 outdated formulae and 1 outdated cask installed.

==> Fetching downloads for: gh
✔︎ Bottle Manifest gh (2.89.0)                                                                                                                          Downloaded    7.3KB/  7.3KB
✔︎ Bottle gh (2.89.0)                                                                                                                                   Downloaded   13.1MB/ 13.1MB
==> Pouring gh--2.89.0.arm64_sequoia.bottle.tar.gz
🍺  /opt/homebrew/Cellar/gh/2.89.0: 223 files, 37.9MB
==> Running `brew cleanup gh`...
Disable this behaviour by setting `HOMEBREW_NO_INSTALL_CLEANUP=1`.
Hide these hints with `HOMEBREW_NO_ENV_HINTS=1` (see `man brew`).
==> `brew cleanup` has not been run in the last 30 days, running now...
Disable this behaviour by setting `HOMEBREW_NO_INSTALL_CLEANUP=1`.
Hide these hints with `HOMEBREW_NO_ENV_HINTS=1` (see `man brew`).
Removing: /Users/zach/Library/Caches/Homebrew/portable-ruby-4.0.1.arm64_big_sur.bottle.tar.gz... (12.5MB)
Removing: /Users/zach/Library/Caches/Homebrew/bootsnap/b72e5134e0c29352f27278b0d0b535599d84c5338f6a429e709b448cf7d3721c... (643 files, 5.7MB)
==> Caveats
zsh completions have been installed to:
  /opt/homebrew/share/zsh/site-functions
