$ brew install eza  # first time, macOS 12

==> Downloading https://formulae.brew.sh/api/formula.jws.json
########################################################################################################################################################################### 100.0%
==> Downloading https://formulae.brew.sh/api/cask.jws.json
########################################################################################################################################################################### 100.0%
Warning: You are using macOS 12.
We (and Apple) do not provide support for this old version.
It is expected behaviour that some formulae will fail to build in this old version.
It is expected behaviour that Homebrew will be buggy and slow.
Do not create any issues about this on Homebrew's GitHub repositories.
Do not create any issues even if you think this message is unrelated.
Any opened issues will be immediately closed without response.
Do not ask for help from Homebrew or its maintainers on social media.
You may ask for help in Homebrew's discussions but are unlikely to receive a response.
Try to figure out the problem yourself and submit a fix as a pull request.
We will review it but may or may not accept it.

==> Fetching dependencies for eza: ca-certificates, openssl@3, libssh2, libgit2, ghc, cabal-install, ghc@9.8, pandoc, lz4, xz, zstd, cmake, ninja, readline, sqlite, python@3.12, llvm@18 and rust
==> Fetching ca-certificates
==> Downloading https://ghcr.io/v2/homebrew/core/ca-certificates/manifests/2024-09-24
########################################################################################################################################################################### 100.0%
==> Downloading https://ghcr.io/v2/homebrew/core/ca-certificates/blobs/sha256:212f2576348d5f5797d8d3905eb70d0d9bf8829345bce9e20e2fd0336f344648
########################################################################################################################################################################### 100.0%
==> Fetching openssl@3
==> Downloading https://ghcr.io/v2/homebrew/core/openssl/3/manifests/3.3.2
########################################################################################################################################################################### 100.0%
==> Downloading https://ghcr.io/v2/homebrew/core/openssl/3/blobs/sha256:4c602286ae85c4395575637afebcada6e9cc13a9a7663389af16b2aca978a041
########################################################################################################################################################################### 100.0%
==> Fetching libssh2
==> Downloading https://ghcr.io/v2/homebrew/core/libssh2/manifests/1.11.0_1
########################################################################################################################################################################### 100.0%
==> Downloading https://ghcr.io/v2/homebrew/core/libssh2/blobs/sha256:cc09eb9988f274f2f923aa1d047a6df28fc5fe5d5301f9bde8e0df44167dbb29
########################################################################################################################################################################### 100.0%
==> Fetching libgit2
==> Downloading https://ghcr.io/v2/homebrew/core/libgit2/manifests/1.8.1
########################################################################################################################################################################### 100.0%
==> Downloading https://ghcr.io/v2/homebrew/core/libgit2/blobs/sha256:6b51ca0ebc9c17d000e7fd88bccb00d60ef33845ac418b8d1ff6f9093e541c58
########################################################################################################################################################################### 100.0%
==> Fetching ghc
==> Downloading https://ghcr.io/v2/homebrew/core/ghc/manifests/9.10.1-2
########################################################################################################################################################################### 100.0%
==> Downloading https://ghcr.io/v2/homebrew/core/ghc/blobs/sha256:ff5d7b284fd740b563f58194ec6b04bcccded9ac9129f49c1879a21f9a88e1e6
########################################################################################################################################################################### 100.0%
==> Fetching cabal-install
==> Downloading https://ghcr.io/v2/homebrew/core/cabal-install/manifests/3.12.1.0
########################################################################################################################################################################### 100.0%
==> Downloading https://ghcr.io/v2/homebrew/core/cabal-install/blobs/sha256:b38e6149b74b53c25b2493bf6a208ff8093a2cad6003d33ab2a0380611ebb049
########################################################################################################################################################################### 100.0%
==> Fetching ghc@9.8
==> Downloading https://ghcr.io/v2/homebrew/core/ghc/9.8/manifests/9.8.2-1
########################################################################################################################################################################### 100.0%
==> Downloading https://ghcr.io/v2/homebrew/core/ghc/9.8/blobs/sha256:263c6cc8f81369500e6270509468775976987c5557f023126e694c00d7f44ba6
########################################################################################################################################################################### 100.0%
==> Fetching pandoc
==> Downloading https://raw.githubusercontent.com/Homebrew/homebrew-core/0edba72ffee4f6d6ad2ff14e09301b52d1766d4c/Formula/p/pandoc.rb
########################################################################################################################################################################### 100.0%
==> Downloading https://github.com/jgm/pandoc/archive/refs/tags/3.4.tar.gz
==> Downloading from https://codeload.github.com/jgm/pandoc/tar.gz/refs/tags/3.4
     #=O=-#       #        #
==> Fetching lz4
==> Downloading https://ghcr.io/v2/homebrew/core/lz4/manifests/1.10.0-1
########################################################################################################################################################################### 100.0%
==> Downloading https://ghcr.io/v2/homebrew/core/lz4/blobs/sha256:3ace9946a02899abcc0b8852863a62e70e1eec91deffa579512f0e6c493738a3
########################################################################################################################################################################### 100.0%
==> Fetching xz
==> Downloading https://ghcr.io/v2/homebrew/core/xz/manifests/5.6.2
########################################################################################################################################################################### 100.0%
==> Downloading https://ghcr.io/v2/homebrew/core/xz/blobs/sha256:e45fcf2977a8541a97f7efef3ccbc0fc782c597b3c340616ada6868e7cf31452
########################################################################################################################################################################### 100.0%
==> Fetching zstd
==> Downloading https://ghcr.io/v2/homebrew/core/zstd/manifests/1.5.6
########################################################################################################################################################################### 100.0%
==> Downloading https://ghcr.io/v2/homebrew/core/zstd/blobs/sha256:7f12fa16033d6576099c481f93a7423a526a7b3252a0ea0921ea0016c18f49f8
########################################################################################################################################################################### 100.0%
==> Fetching cmake
==> Downloading https://ghcr.io/v2/homebrew/core/cmake/manifests/3.30.3
########################################################################################################################################################################### 100.0%
==> Downloading https://ghcr.io/v2/homebrew/core/cmake/blobs/sha256:b69067a4226484a6a3c9624dadf324987004096b7f44f88bd9b69a09d8395641
########################################################################################################################################################################### 100.0%
==> Fetching ninja
==> Downloading https://ghcr.io/v2/homebrew/core/ninja/manifests/1.12.1
########################################################################################################################################################################### 100.0%
==> Downloading https://ghcr.io/v2/homebrew/core/ninja/blobs/sha256:4853917b940c67e971ecc4575d490080e88ea812b1af2e9f3b383c5f9012f9eb
########################################################################################################################################################################### 100.0%
==> Fetching readline
==> Downloading https://ghcr.io/v2/homebrew/core/readline/manifests/8.2.13
########################################################################################################################################################################### 100.0%
==> Downloading https://ghcr.io/v2/homebrew/core/readline/blobs/sha256:c3245660eb2d39b76441960dd6c80212debcec51de1ef4d6f86bb13d9a5f1fe3
########################################################################################################################################################################### 100.0%
==> Fetching sqlite
==> Downloading https://ghcr.io/v2/homebrew/core/sqlite/manifests/3.46.1
########################################################################################################################################################################### 100.0%
==> Downloading https://ghcr.io/v2/homebrew/core/sqlite/blobs/sha256:b04e7f909acd9753598e0d00ea3eb5f409d219c8efd48888725812e7ca68bfa1
########################################################################################################################################################################### 100.0%
==> Fetching python@3.12
==> Downloading https://ghcr.io/v2/homebrew/core/python/3.12/manifests/3.12.6
########################################################################################################################################################################### 100.0%
==> Downloading https://ghcr.io/v2/homebrew/core/python/3.12/blobs/sha256:d9c70d61697dc082c561f47bf8bde3cf2dcdb1070f0705a65d9acd67ff3acf65
########################################################################################################################################################################### 100.0%
==> Fetching llvm@18
==> Downloading https://raw.githubusercontent.com/Homebrew/homebrew-core/0edba72ffee4f6d6ad2ff14e09301b52d1766d4c/Formula/l/llvm@18.rb
########################################################################################################################################################################### 100.0%
==> Downloading https://github.com/llvm/llvm-project/releases/download/llvmorg-18.1.8/llvm-project-18.1.8.src.tar.xz
==> Downloading from https://objects.githubusercontent.com/github-production-release-asset-2e65be/75821432/f91332fb-15ab-4be3-b050-70680cc3bf07?X-Amz-Algorithm=AWS4-HMAC-SHA256&X
########################################################################################################################################################################### 100.0%
==> Fetching rust
==> Downloading https://raw.githubusercontent.com/Homebrew/homebrew-core/0edba72ffee4f6d6ad2ff14e09301b52d1766d4c/Formula/r/rust.rb
########################################################################################################################################################################### 100.0%
==> Downloading https://github.com/rust-lang/cargo/archive/refs/tags/0.82.0.tar.gz
==> Downloading from https://codeload.github.com/rust-lang/cargo/tar.gz/refs/tags/0.82.0
   #-=O=#      #       #
==> Downloading https://static.rust-lang.org/dist/2024-08-08/rustc-1.80.1-aarch64-apple-darwin.tar.xz
########################################################################################################################################################################### 100.0%
==> Downloading https://static.rust-lang.org/dist/rustc-1.81.0-src.tar.gz
########################################################################################################################################################################### 100.0%
==> Fetching eza
==> Downloading https://raw.githubusercontent.com/Homebrew/homebrew-core/0edba72ffee4f6d6ad2ff14e09301b52d1766d4c/Formula/e/eza.rb
########################################################################################################################################################################### 100.0%
==> Downloading https://github.com/eza-community/eza/archive/refs/tags/v0.20.0.tar.gz
==> Downloading from https://codeload.github.com/eza-community/eza/tar.gz/refs/tags/v0.20.0
#-#O=- #     #
==> Installing dependencies for eza: ghc, cabal-install, ghc@9.8, pandoc, ca-certificates, openssl@3, libssh2, libgit2, lz4, xz, zstd, cmake, ninja, readline, sqlite, python@3.12, llvm@18 and rust
==> Installing eza dependency: ghc
==> Downloading https://ghcr.io/v2/homebrew/core/ghc/manifests/9.10.1-2
Already downloaded: /Users/zach/Library/Caches/Homebrew/downloads/37b27232a2095b029af63b80aab60c864928d7c7277e899e715d6b35a19f218d--ghc-9.10.1-2.bottle_manifest.json
==> Pouring ghc--9.10.1.arm64_monterey.bottle.2.tar.gz
==> /opt/homebrew/Cellar/ghc/9.10.1/bin/ghc-pkg recache
ðŸº  /opt/homebrew/Cellar/ghc/9.10.1: 12,377 files, 2.1GB
==> Installing eza dependency: cabal-install
==> Downloading https://ghcr.io/v2/homebrew/core/cabal-install/manifests/3.12.1.0
Already downloaded: /Users/zach/Library/Caches/Homebrew/downloads/fbcfa35f2f9af6458e7a3f94e7018d335f953b10841bf515d3581518879a460f--cabal-install-3.12.1.0.bottle_manifest.json
==> Pouring cabal-install--3.12.1.0.arm64_monterey.bottle.tar.gz
ðŸº  /opt/homebrew/Cellar/cabal-install/3.12.1.0: 8 files, 91.6MB
==> Installing eza dependency: ghc@9.8
==> Downloading https://ghcr.io/v2/homebrew/core/ghc/9.8/manifests/9.8.2-1
Already downloaded: /Users/zach/Library/Caches/Homebrew/downloads/582aa746d5413590b14f3a3fdc8f4f2885e501fa41dc4f6f357e47e793718849--ghc@9.8-9.8.2-1.bottle_manifest.json
==> Pouring ghc@9.8--9.8.2.arm64_monterey.bottle.1.tar.gz
==> /opt/homebrew/Cellar/ghc@9.8/9.8.2/bin/ghc-pkg recache
ðŸº  /opt/homebrew/Cellar/ghc@9.8/9.8.2: 10,856 files, 2GB
==> Installing eza dependency: pandoc
==> cabal v2-update
==> cabal v2-install pandoc-cli
ðŸº  /opt/homebrew/Cellar/pandoc/3.4: 11 files, 257.9MB, built in 23 minutes 32 seconds
==> Installing eza dependency: ca-certificates
==> Downloading https://ghcr.io/v2/homebrew/core/ca-certificates/manifests/2024-09-24
Already downloaded: /Users/zach/Library/Caches/Homebrew/downloads/338dad7c2ff7c822cda7c417944521589856741c0fbd7a7f07b88a18d7fb7e05--ca-certificates-2024-09-24.bottle_manifest.json
==> Pouring ca-certificates--2024-09-24.all.bottle.tar.gz
==> Downloading https://formulae.brew.sh/api/formula.jws.json
########################################################################################################################################################################### 100.0%
==> Regenerating CA certificate bundle from keychain, this may take a while...
ðŸº  /opt/homebrew/Cellar/ca-certificates/2024-09-24: 4 files, 237.4KB
==> Installing eza dependency: openssl@3
==> Downloading https://ghcr.io/v2/homebrew/core/openssl/3/manifests/3.3.2
Already downloaded: /Users/zach/Library/Caches/Homebrew/downloads/15a43beab5e5017b1a9fe7584ff44a48195632fd196c23ee0e5e7ecf67e9ef2a--openssl@3-3.3.2.bottle_manifest.json
==> Pouring openssl@3--3.3.2.arm64_monterey.bottle.tar.gz
ðŸº  /opt/homebrew/Cellar/openssl@3/3.3.2: 6,984 files, 32.5MB
==> Installing eza dependency: libssh2
==> Downloading https://ghcr.io/v2/homebrew/core/libssh2/manifests/1.11.0_1
Already downloaded: /Users/zach/Library/Caches/Homebrew/downloads/48ca0c7785b21630a4817c59b72205609ccb0575e7abc64d64af2e61a60b5b0a--libssh2-1.11.0_1.bottle_manifest.json
==> Pouring libssh2--1.11.0_1.arm64_monterey.bottle.tar.gz
ðŸº  /opt/homebrew/Cellar/libssh2/1.11.0_1: 198 files, 1.2MB
==> Installing eza dependency: libgit2
==> Downloading https://ghcr.io/v2/homebrew/core/libgit2/manifests/1.8.1
Already downloaded: /Users/zach/Library/Caches/Homebrew/downloads/84b074c6d1ee51616dfba962c9b638aeda6093080b5ebf82e6a02017bce44215--libgit2-1.8.1.bottle_manifest.json
==> Pouring libgit2--1.8.1.arm64_monterey.bottle.tar.gz
ðŸº  /opt/homebrew/Cellar/libgit2/1.8.1: 106 files, 4.7MB
==> Installing eza dependency: lz4
==> Downloading https://ghcr.io/v2/homebrew/core/lz4/manifests/1.10.0-1
Already downloaded: /Users/zach/Library/Caches/Homebrew/downloads/8e11e90eb21a06e0f199af9d80e011e3693c77dd353b2477579d95c8471a5802--lz4-1.10.0-1.bottle_manifest.json
==> Pouring lz4--1.10.0.arm64_monterey.bottle.1.tar.gz
ðŸº  /opt/homebrew/Cellar/lz4/1.10.0: 24 files, 761.3KB
==> Installing eza dependency: xz
==> Downloading https://ghcr.io/v2/homebrew/core/xz/manifests/5.6.2
Already downloaded: /Users/zach/Library/Caches/Homebrew/downloads/0f02a3a463ce4e72f92871751d9ba7b872ca8090348074d46ffb523fd67e1c7b--xz-5.6.2.bottle_manifest.json
==> Pouring xz--5.6.2.arm64_monterey.bottle.tar.gz
ðŸº  /opt/homebrew/Cellar/xz/5.6.2: 96 files, 1.9MB
==> Installing eza dependency: zstd
==> Downloading https://ghcr.io/v2/homebrew/core/zstd/manifests/1.5.6
Already downloaded: /Users/zach/Library/Caches/Homebrew/downloads/29403e0df5404d8aeca0e750ac135ec9ef44fc5eeb6df69170ed602acabf0ffb--zstd-1.5.6.bottle_manifest.json
==> Pouring zstd--1.5.6.arm64_monterey.bottle.tar.gz
ðŸº  /opt/homebrew/Cellar/zstd/1.5.6: 32 files, 2.4MB
==> Installing eza dependency: cmake
==> Downloading https://ghcr.io/v2/homebrew/core/cmake/manifests/3.30.3
Already downloaded: /Users/zach/Library/Caches/Homebrew/downloads/1173f026db24f4c17bdb8cc3be2e921656e9270e564c2b94630469741fe86f72--cmake-3.30.3.bottle_manifest.json
==> Pouring cmake--3.30.3.arm64_monterey.bottle.tar.gz
ðŸº  /opt/homebrew/Cellar/cmake/3.30.3: 3,424 files, 56.7MB
==> Installing eza dependency: ninja
==> Downloading https://ghcr.io/v2/homebrew/core/ninja/manifests/1.12.1
Already downloaded: /Users/zach/Library/Caches/Homebrew/downloads/5df23a5c77b5d94f4b3df4cee2a886d86de68dfef3eec5552ffb192d4944ed3f--ninja-1.12.1.bottle_manifest.json
==> Pouring ninja--1.12.1.arm64_monterey.bottle.tar.gz
ðŸº  /opt/homebrew/Cellar/ninja/1.12.1: 11 files, 441KB
==> Installing eza dependency: readline
==> Downloading https://ghcr.io/v2/homebrew/core/readline/manifests/8.2.13
Already downloaded: /Users/zach/Library/Caches/Homebrew/downloads/aa1afa38997a2866d91c81fdda8b36d436cd4ea7a82aed07d13c83c56eb3460e--readline-8.2.13.bottle_manifest.json
==> Pouring readline--8.2.13.arm64_monterey.bottle.tar.gz
ðŸº  /opt/homebrew/Cellar/readline/8.2.13: 51 files, 1.7MB
==> Installing eza dependency: sqlite
==> Downloading https://ghcr.io/v2/homebrew/core/sqlite/manifests/3.46.1
Already downloaded: /Users/zach/Library/Caches/Homebrew/downloads/b34f1b968c8d3adc8763b7151754bc4f348c94372d89d1ae23cd11b643b7bdb2--sqlite-3.46.1.bottle_manifest.json
==> Pouring sqlite--3.46.1.arm64_monterey.bottle.tar.gz
ðŸº  /opt/homebrew/Cellar/sqlite/3.46.1: 12 files, 4.8MB
==> Installing eza dependency: python@3.12
==> Downloading https://ghcr.io/v2/homebrew/core/python/3.12/manifests/3.12.6
Already downloaded: /Users/zach/Library/Caches/Homebrew/downloads/510a95d974bb22d4b9f5b64df55324e8bd6677d522c6a22630cd284c22f730eb--python@3.12-3.12.6.bottle_manifest.json
==> Pouring python@3.12--3.12.6.arm64_monterey.bottle.tar.gz
==> /opt/homebrew/Cellar/python@3.12/3.12.6/bin/python3.12 -Im ensurepip
==> /opt/homebrew/Cellar/python@3.12/3.12.6/bin/python3.12 -Im pip install -v --no-index --upgrade --isolated --target=/opt/homebrew/lib/python3.12/site-packages /opt/homebrew/Ce
ðŸº  /opt/homebrew/Cellar/python@3.12/3.12.6: 3,263 files, 65.5MB
==> Installing eza dependency: llvm@18
==> cmake -G Ninja .. -DLLVM_ENABLE_PROJECTS=clang;clang-tools-extra;lld;mlir;polly -DLLVM_ENABLE_RUNTIMES=compiler-rt;libcxx;libcxxabi;libunwind -DLLVM_POLLY_LINK_INTO_TOOLS=ON
==> cmake --build .

$ brew install eza  # second time, macOS 15

==> Downloading https://formulae.brew.sh/api/formula.jws.json
########################################################################################################################################################################### 100.0%
==> Downloading https://formulae.brew.sh/api/cask.jws.json
########################################################################################################################################################################### 100.0%
==> Downloading https://ghcr.io/v2/homebrew/core/eza/manifests/0.20.0
########################################################################################################################################################################### 100.0%
==> Fetching eza
==> Downloading https://ghcr.io/v2/homebrew/core/eza/blobs/sha256:788df3ac2e6a0db487ac7743cbc64f662a00be90a570848f351683b82ebde558
########################################################################################################################################################################### 100.0%
==> Pouring eza--0.20.0.arm64_sequoia.bottle.tar.gz
==> Caveats
zsh completions have been installed to:
  /opt/homebrew/share/zsh/site-functions
==> Summary
ðŸº  /opt/homebrew/Cellar/eza/0.20.0: 15 files, 1.3MB
==> Running `brew cleanup eza`...
Disable this behaviour by setting HOMEBREW_NO_INSTALL_CLEANUP.
Hide these hints with HOMEBREW_NO_ENV_HINTS (see `man brew`).
