==> Downloading https://ghcr.io/v2/homebrew/core/neovim/manifests/0.9.4
==> Fetching dependencies for neovim: gettext, unibilium, libtermkey, libuv, libvterm, luajit, luv, msgpack and tree-sitter
==> Downloading https://ghcr.io/v2/homebrew/core/gettext/manifests/0.22.3
==> Fetching gettext
==> Downloading https://ghcr.io/v2/homebrew/core/gettext/blobs/sha256:29b5bf933d4cc986e2f7b580d11aee8b755f5fab5621bd955dd3ca6867922e10
==> Downloading https://ghcr.io/v2/homebrew/core/unibilium/manifests/2.1.1-2
==> Fetching unibilium
==> Downloading https://ghcr.io/v2/homebrew/core/unibilium/blobs/sha256:b4172b327c9ab41032fecb648eedac18e867add559b3cc7951b15f10ae6cd0e1
==> Downloading https://ghcr.io/v2/homebrew/core/libtermkey/manifests/0.22-1
==> Fetching libtermkey
==> Downloading https://ghcr.io/v2/homebrew/core/libtermkey/blobs/sha256:7ffaeabbe372926ca45094684424add804cb1a8140c88a19115e7e41e02dedc9
==> Downloading https://ghcr.io/v2/homebrew/core/libuv/manifests/1.46.0
==> Fetching libuv
==> Downloading https://ghcr.io/v2/homebrew/core/libuv/blobs/sha256:bfaeee8ea65a26b881951c90d5ec1f4000039f228a4198735c015309307c47d9
==> Downloading https://ghcr.io/v2/homebrew/core/libvterm/manifests/0.3.3
==> Fetching libvterm
==> Downloading https://ghcr.io/v2/homebrew/core/libvterm/blobs/sha256:dca8ab45e261d0c21e697a37a517ea23e545b4f8487dd7131ff5d933f80db5dc
==> Downloading https://ghcr.io/v2/homebrew/core/luajit/manifests/2.1.1697887905
==> Fetching luajit
==> Downloading https://ghcr.io/v2/homebrew/core/luajit/blobs/sha256:077cc2d5eeec868a2442c2e37d0b3910dafcfff9dcd3af891d6eb2aafdae2662
==> Downloading https://ghcr.io/v2/homebrew/core/luv/manifests/1.45.0-0
==> Fetching luv
==> Downloading https://ghcr.io/v2/homebrew/core/luv/blobs/sha256:7835da93f476691806ff0417a9ff5a7406843f0e4137b8dec0a764931108cfa6
==> Downloading https://ghcr.io/v2/homebrew/core/msgpack/manifests/6.0.0
==> Fetching msgpack
==> Downloading https://ghcr.io/v2/homebrew/core/msgpack/blobs/sha256:1d14abff9537f4d85dee74c10ce6f73fafa8e8719c5be05bfda9a836cbe732ad
==> Downloading https://ghcr.io/v2/homebrew/core/tree-sitter/manifests/0.20.8
==> Fetching tree-sitter
==> Downloading https://ghcr.io/v2/homebrew/core/tree-sitter/blobs/sha256:d65d3a05944e834d25950b9fa1d3d79a306af2c28b209aaac043e546c0577965
==> Fetching neovim
==> Downloading https://ghcr.io/v2/homebrew/core/neovim/blobs/sha256:107e1eeaae2826286b8e91421b9f658da562389b1a289c321c88266b710412da
==> Installing dependencies for neovim: gettext, unibilium, libtermkey, libuv, libvterm, luajit, luv, msgpack and tree-sitter
==> Installing neovim dependency: gettext
==> Downloading https://ghcr.io/v2/homebrew/core/gettext/manifests/0.22.3
Already downloaded: /Users/zach/Library/Caches/Homebrew/downloads/c39063a94fdbad486d1b2e0bb3832dc7d7d7533dd55e07a10322af82dc115e44--gettext-0.22.3.bottle_manifest.json
==> Pouring gettext--0.22.3.arm64_monterey.bottle.tar.gz
ðŸº  /opt/homebrew/Cellar/gettext/0.22.3: 2,040 files, 21.9MB
==> Installing neovim dependency: unibilium
==> Downloading https://ghcr.io/v2/homebrew/core/unibilium/manifests/2.1.1-2
Already downloaded: /Users/zach/Library/Caches/Homebrew/downloads/7bb2bea0405c3cb858dcff35d841e3f980433f87aa527faa59e694107d8a904e--unibilium-2.1.1-2.bottle_manifest.json
==> Pouring unibilium--2.1.1.arm64_monterey.bottle.2.tar.gz
ðŸº  /opt/homebrew/Cellar/unibilium/2.1.1: 63 files, 324.7KB
==> Installing neovim dependency: libtermkey
==> Downloading https://ghcr.io/v2/homebrew/core/libtermkey/manifests/0.22-1
Already downloaded: /Users/zach/Library/Caches/Homebrew/downloads/6a21b1ea580c6ac308b60af6eebf426147704c74e2ad19eb776a5d7fefd01f29--libtermkey-0.22-1.bottle_manifest.json
==> Pouring libtermkey--0.22.arm64_monterey.bottle.1.tar.gz
ðŸº  /opt/homebrew/Cellar/libtermkey/0.22: 33 files, 165.0KB
==> Installing neovim dependency: libuv
==> Downloading https://ghcr.io/v2/homebrew/core/libuv/manifests/1.46.0
Already downloaded: /Users/zach/Library/Caches/Homebrew/downloads/f35e7b4b291e1166549d5ff92a3ac8949258143f57fff449223404c69ea68f2b--libuv-1.46.0.bottle_manifest.json
==> Pouring libuv--1.46.0.arm64_monterey.bottle.tar.gz
ðŸº  /opt/homebrew/Cellar/libuv/1.46.0: 47 files, 3MB
==> Installing neovim dependency: libvterm
==> Downloading https://ghcr.io/v2/homebrew/core/libvterm/manifests/0.3.3
Already downloaded: /Users/zach/Library/Caches/Homebrew/downloads/b5fadcaa02193cc4a1b7ba1b24eddec6a6a95bd8004f5e0c493a4d9673b5410b--libvterm-0.3.3.bottle_manifest.json
==> Pouring libvterm--0.3.3.arm64_monterey.bottle.tar.gz
ðŸº  /opt/homebrew/Cellar/libvterm/0.3.3: 12 files, 392.8KB
==> Installing neovim dependency: luajit
==> Downloading https://ghcr.io/v2/homebrew/core/luajit/manifests/2.1.1697887905
Already downloaded: /Users/zach/Library/Caches/Homebrew/downloads/035043044a7846fe6b2e9ca9a12278a023edb5c42d53a1b43d17dbd364c53371--luajit-2.1.1697887905.bottle_manifest.json
==> Pouring luajit--2.1.1697887905.arm64_monterey.bottle.tar.gz
ðŸº  /opt/homebrew/Cellar/luajit/2.1.1697887905: 55 files, 2MB
==> Installing neovim dependency: luv
==> Downloading https://ghcr.io/v2/homebrew/core/luv/manifests/1.45.0-0
Already downloaded: /Users/zach/Library/Caches/Homebrew/downloads/f9204090ce0c0eefb3c21235f40a091248c0f07b0147ac923c7bc9dbb6255b21--luv-1.45.0-0.bottle_manifest.json
==> Pouring luv--1.45.0-0.arm64_monterey.bottle.tar.gz
ðŸº  /opt/homebrew/Cellar/luv/1.45.0-0: 15 files, 845.6KB
==> Installing neovim dependency: msgpack
==> Downloading https://ghcr.io/v2/homebrew/core/msgpack/manifests/6.0.0
Already downloaded: /Users/zach/Library/Caches/Homebrew/downloads/3533ae77dcecb13cc631f865cf4137bba537acdaea45d1c9a206585bc94a434b--msgpack-6.0.0.bottle_manifest.json
==> Pouring msgpack--6.0.0.arm64_monterey.bottle.tar.gz
ðŸº  /opt/homebrew/Cellar/msgpack/6.0.0: 38 files, 220.4KB
==> Installing neovim dependency: tree-sitter
==> Downloading https://ghcr.io/v2/homebrew/core/tree-sitter/manifests/0.20.8
Already downloaded: /Users/zach/Library/Caches/Homebrew/downloads/52b85b7c7e2d9e5a284fb6abcb72dd209fd3a9642516af8549d9359457d00b02--tree-sitter-0.20.8.bottle_manifest.json
==> Pouring tree-sitter--0.20.8.arm64_monterey.bottle.tar.gz
ðŸº  /opt/homebrew/Cellar/tree-sitter/0.20.8: 18 files, 12.1MB
==> Installing neovim
==> Pouring neovim--0.9.4.arm64_monterey.bottle.tar.gz
ðŸº  /opt/homebrew/Cellar/neovim/0.9.4: 1,737 files, 26.5MB
==> Running `brew cleanup neovim`...
Disable this behaviour by setting HOMEBREW_NO_INSTALL_CLEANUP.
Hide these hints with HOMEBREW_NO_ENV_HINTS (see `man brew`).
==> Upgrading 3 dependents of upgraded formulae:
Disable this behaviour by setting HOMEBREW_NO_INSTALLED_DEPENDENTS_CHECK.
Hide these hints with HOMEBREW_NO_ENV_HINTS (see `man brew`).
glib 2.78.0 -> 2.78.1, harfbuzz 8.2.1 -> 8.2.2, tesseract 5.3.2_1 -> 5.3.3
==> Downloading https://ghcr.io/v2/homebrew/core/glib/manifests/2.78.1
==> Downloading https://ghcr.io/v2/homebrew/core/harfbuzz/manifests/8.2.2
==> Fetching dependencies for harfbuzz: libx11
==> Downloading https://ghcr.io/v2/homebrew/core/libx11/manifests/1.8.7
==> Fetching libx11
==> Downloading https://ghcr.io/v2/homebrew/core/libx11/blobs/sha256:975cbce1a6e7a0fe341781e70ceea78a1dff3e18ccb5d4277d99443c887c13f2
==> Fetching harfbuzz
==> Downloading https://ghcr.io/v2/homebrew/core/harfbuzz/blobs/sha256:7e7b3e6e445929d6745697cc5c5435a45753253a850d47dfc616a0008ebc429c
==> Downloading https://ghcr.io/v2/homebrew/core/tesseract/manifests/5.3.3
==> Upgrading harfbuzz
  8.2.1 -> 8.2.2 
==> Installing dependencies for harfbuzz: libx11
==> Installing harfbuzz dependency: libx11
==> Downloading https://ghcr.io/v2/homebrew/core/libx11/manifests/1.8.7
Already downloaded: /Users/zach/Library/Caches/Homebrew/downloads/4d15c929e0532c9a908dcb7d562929ecc5dd3a0a0cd4c19cf50683c06282fd7f--libx11-1.8.7.bottle_manifest.json
==> Pouring libx11--1.8.7.arm64_monterey.bottle.tar.gz
ðŸº  /opt/homebrew/Cellar/libx11/1.8.7: 1,042 files, 7.0MB
==> Installing harfbuzz
==> Pouring harfbuzz--8.2.2.arm64_monterey.bottle.tar.gz
ðŸº  /opt/homebrew/Cellar/harfbuzz/8.2.2: 76 files, 9.4MB
==> Running `brew cleanup harfbuzz`...
Removing: /opt/homebrew/Cellar/harfbuzz/8.2.1... (76 files, 9.3MB)
Removing: /Users/zach/Library/Caches/Homebrew/harfbuzz--8.2.1... (2.4MB)
==> Checking for dependents of upgraded formulae...
==> No broken dependents found!
==> `brew cleanup` has not been run in the last 30 days, running now...
Disable this behaviour by setting HOMEBREW_NO_INSTALL_CLEANUP.
Hide these hints with HOMEBREW_NO_ENV_HINTS (see `man brew`).
Removing: /opt/homebrew/Cellar/ca-certificates/2022-10-11... (3 files, 225.5KB)
Removing: /opt/homebrew/Cellar/gettext/0.22.2... (2,040 files, 21.8MB)
Removing: /Users/zach/Library/Caches/Homebrew/gettext--0.22.2... (9.1MB)
Removing: /Users/zach/Library/Caches/Homebrew/glib--2.78.0... (6.6MB)
Removing: /Users/zach/Library/Caches/Homebrew/gmp--6.2.1_1... (1006.7KB)
Removing: /Users/zach/Library/Caches/Homebrew/libcue--2.2.1... (32.5KB)
Removing: /Users/zach/Library/Caches/Homebrew/libnghttp2--1.56.0... (214.2KB)
Removing: /opt/homebrew/Cellar/libpng/1.6.38... (27 files, 1.3MB)
Removing: /opt/homebrew/Cellar/libx11/1.8.6... (1,054 files, 7MB)
Removing: /Users/zach/Library/Caches/Homebrew/libx11--1.8.6... (2.1MB)
Removing: /opt/homebrew/Cellar/libxau/1.0.10... (20 files, 123KB)
Removing: /opt/homebrew/Cellar/libxcb/1.15... (2,461 files, 7.3MB)
Removing: /opt/homebrew/Cellar/libxdmcp/1.1.3... (11 files, 126KB)
Removing: /Users/zach/Library/Caches/Homebrew/mbedtls--3.4.1... (3MB)
Removing: /Users/zach/Library/Caches/Homebrew/mpg123--1.32.1... (637.7KB)
Removing: /Users/zach/Library/Caches/Homebrew/openssl@3--3.1.3... (7.7MB)
Removing: /Users/zach/Library/Caches/Homebrew/p11-kit--0.25.0... (1MB)
Removing: /Users/zach/Library/Caches/Homebrew/pipx--1.2.0... (185.4KB)
Removing: /Users/zach/Library/Caches/Homebrew/python-packaging--23.1... (129.5KB)
Removing: /Users/zach/Library/Caches/Homebrew/python@3.11--3.11.5... (15MB)
Removing: /Users/zach/Library/Caches/Homebrew/sdl2--2.28.3... (1.7MB)
Removing: /Users/zach/Library/Caches/Homebrew/sqlite--3.43.1... (2.1MB)
Removing: /Users/zach/Library/Caches/Homebrew/tesseract--5.3.2_1... (12.5MB)
Removing: /Users/zach/Library/Caches/Homebrew/x264--r3095... (1.9MB)
Removing: /opt/homebrew/Cellar/xorgproto/2022.2... (268 files, 3.9MB)
Removing: /opt/homebrew/Cellar/xz/5.2.7... (95 files, 1.5MB)
Removing: /Users/zach/Library/Caches/Homebrew/zeromq--4.3.4... (1.6MB)
Removing: /Users/zach/Library/Logs/Homebrew/glib... (64B)
Removing: /Users/zach/Library/Logs/Homebrew/fontconfig... (67.7KB)
Removing: /Users/zach/Library/Logs/Homebrew/openssl@3... (64B)
Removing: /Users/zach/Library/Logs/Homebrew/ca-certificates... (64B)
Removing: /Users/zach/Library/Logs/Homebrew/unbound... (64B)
Removing: /Users/zach/Library/Logs/Homebrew/python@3.11... (2 files, 2.5KB)
Removing: /Users/zach/Library/Logs/Homebrew/gnutls... (64B)
Pruned 0 symbolic links and 4 directories from /opt/homebrew
