brew install tig
Running `brew update --auto-update`...
==> Downloading https://ghcr.io/v2/homebrew/portable-ruby/portable-ruby/blobs/sha256:905b0c3896164ae8067a22fff2fd0b80b16d3c8bb72441403eedf69da71ec717
############################################################### 100.0%
==> Pouring portable-ruby-2.6.10_1.arm64_big_sur.bottle.tar.gz
==> Homebrew collects anonymous analytics.
Read the analytics documentation (and how to opt-out) here:
  https://docs.brew.sh/Analytics
No analytics have been recorded yet (nor will be during this `brew` run).

Installing from the API is now the default behaviour!
You can save space and time by running:
  brew untap homebrew/core
  brew untap homebrew/cask
==> Downloading https://formulae.brew.sh/api/formula.jws.json
############################################################### 100.0%
==> Downloading https://formulae.brew.sh/api/cask.jws.json
############################################################### 100.0%
==> Downloading https://ghcr.io/v2/homebrew/core/tig/manifests/2.5.8_1
############################################################### 100.0%
==> Fetching dependencies for tig: ncurses and pcre2
==> Downloading https://ghcr.io/v2/homebrew/core/ncurses/manifests/6.4
############################################################### 100.0%
==> Fetching ncurses
==> Downloading https://ghcr.io/v2/homebrew/core/ncurses/blobs/sha256:
############################################################### 100.0%
==> Downloading https://ghcr.io/v2/homebrew/core/pcre2/manifests/10.42
############################################################### 100.0%
==> Fetching pcre2
==> Downloading https://ghcr.io/v2/homebrew/core/pcre2/blobs/sha256:23
############################################################### 100.0%
==> Fetching tig
==> Downloading https://ghcr.io/v2/homebrew/core/tig/blobs/sha256:f6fd
############################################################### 100.0%
==> Installing dependencies for tig: ncurses and pcre2
==> Installing tig dependency: ncurses
==> Downloading https://ghcr.io/v2/homebrew/core/ncurses/manifests/6.4
Already downloaded: /Users/zach/Library/Caches/Homebrew/downloads/548168356558130632a3202b3fc2f3069f554bd5c1010b30e61f1180cf1f6b09--ncurses-6.4-1.bottle_manifest.json
==> Pouring ncurses--6.4.arm64_monterey.bottle.1.tar.gz
ðŸº  /opt/homebrew/Cellar/ncurses/6.4: 4,001 files, 9.7MB
==> Installing tig dependency: pcre2
==> Downloading https://ghcr.io/v2/homebrew/core/pcre2/manifests/10.42
Already downloaded: /Users/zach/Library/Caches/Homebrew/downloads/6a53794fcaabc5cc5e05b19c02ca9c4c5f2cb9a4d65a5790a6841146465b040f--pcre2-10.42.bottle_manifest.json
==> Pouring pcre2--10.42.arm64_monterey.bottle.tar.gz
ðŸº  /opt/homebrew/Cellar/pcre2/10.42: 230 files, 6.2MB
==> Installing tig
==> Pouring tig--2.5.8_1.arm64_monterey.bottle.tar.gz
==> Caveats
A sample of the default configuration has been installed to:
  /opt/homebrew/opt/tig/share/tig/examples/tigrc
to override the system-wide default configuration, copy the sample to:
  /opt/homebrew/etc/tigrc

zsh completions and functions have been installed to:
  /opt/homebrew/share/zsh/site-functions
==> Summary
ðŸº  /opt/homebrew/Cellar/tig/2.5.8_1: 15 files, 994.2KB
==> Running `brew cleanup tig`...
Disable this behaviour by setting HOMEBREW_NO_INSTALL_CLEANUP.
Hide these hints with HOMEBREW_NO_ENV_HINTS (see `man brew`).
==> `brew cleanup` has not been run in the last 30 days, running now..
Disable this behaviour by setting HOMEBREW_NO_INSTALL_CLEANUP.
Hide these hints with HOMEBREW_NO_ENV_HINTS (see `man brew`).
Removing: /Users/zach/Library/Caches/Homebrew/autoconf--2.71... (944.1KB)
Removing: /Users/zach/Library/Caches/Homebrew/bat--0.22.1... (2.5MB)
Removing: /Users/zach/Library/Caches/Homebrew/broot--1.16.2... (3.2MB)
Removing: /Users/zach/Library/Caches/Homebrew/ca-certificates--2022-10-11... (127.5KB)
Removing: /Users/zach/Library/Caches/Homebrew/diff-so-fancy--1.4.3... (15.3KB)
Removing: /Users/zach/Library/Caches/Homebrew/exa--0.10.1... (643.6KB)
Removing: /Users/zach/Library/Caches/Homebrew/fd--8.5.3... (1MB)
Removing: /Users/zach/Library/Caches/Homebrew/fzf--0.35.1... (1.1MB)
Removing: /Users/zach/Library/Caches/Homebrew/imgcat--2.5.1.tar.gz... (503.9KB)
Removing: /Users/zach/Library/Caches/Homebrew/jpeg--9e... (308.4KB)
Removing: /Users/zach/Library/Caches/Homebrew/libpng--1.6.38... (448KB)
Removing: /Users/zach/Library/Caches/Homebrew/libpthread-stubs--0.4... (3.0KB)
Removing: /Users/zach/Library/Caches/Homebrew/libxau--1.0.10... (30.0KB)
Removing: /Users/zach/Library/Caches/Homebrew/libxcb--1.15... (958.6KB)
Removing: /Users/zach/Library/Caches/Homebrew/libxdmcp--1.1.3... (33.8KB)
Removing: /Users/zach/Library/Caches/Homebrew/m4--1.4.19... (256.0KB)
Removing: /Users/zach/Library/Caches/Homebrew/mpdecimal--2.5.1... (540.7KB)
Removing: /Users/zach/Library/Caches/Homebrew/openssl@1.1--1.1.1s... (5MB)
Removing: /Users/zach/Library/Caches/Homebrew/pastel--0.9.0... (540.7KB)
Removing: /opt/homebrew/Cellar/pcre2/10.40... (230 files, 6.1MB)
Removing: /Users/zach/Library/Caches/Homebrew/pcre2--10.40... (2.0MB)
Removing: /Users/zach/Library/Caches/Homebrew/pipx--1.1.0... (3.2MB)
Removing: /Users/zach/Library/Caches/Homebrew/pkg-config--0.29.2_3... (237.2KB)
Removing: /Users/zach/Library/Caches/Homebrew/pyenv--2.3.6... (711.3KB)
Removing: /Users/zach/Library/Caches/Homebrew/python@3.11--3.11.0... (15.3MB)
Removing: /Users/zach/Library/Caches/Homebrew/readline--8.2.1... (573.8KB)
Removing: /Users/zach/Library/Caches/Homebrew/ripgrep--13.0.0... (1.9MB)
Removing: /Users/zach/Library/Caches/Homebrew/sqlite--3.40.0... (1.8MB)
Removing: /Users/zach/Library/Caches/Homebrew/xorgproto--2022.2... (696.9KB)
Removing: /Users/zach/Library/Caches/Homebrew/xz--5.2.7... (441.8KB)
Removing: /Users/zach/Library/Caches/Homebrew/broot_bottle_manifest--1.16.2... (11.7KB)
Removing: /Users/zach/Library/Caches/Homebrew/sqlite_bottle_manifest--3.40.0... (7.9KB)
Removing: /Users/zach/Library/Caches/Homebrew/readline_bottle_manifest--8.2.1... (8.6KB)
Removing: /Users/zach/Library/Caches/Homebrew/m4_bottle_manifest--1.4.19... (8.7KB)
Removing: /Users/zach/Library/Caches/Homebrew/fd_bottle_manifest--8.5.3... (7.9KB)
Removing: /Users/zach/Library/Caches/Homebrew/libxcb_bottle_manifest--1.15-1... (17.8KB)
Removing: /Users/zach/Library/Caches/Homebrew/xorgproto_bottle_manifest--2022.2... (15.7KB)
Removing: /Users/zach/Library/Caches/Homebrew/diff-so-fancy_bottle_manifest--1.4.3... (1.8KB)
Removing: /Users/zach/Library/Caches/Homebrew/ca-certificates_bottle_manifest--2022-10-11... (1.8KB)
Removing: /Users/zach/Library/Caches/Homebrew/libxau_bottle_manifest--1.0.10... (8.7KB)
Removing: /Users/zach/Library/Caches/Homebrew/ripgrep_bottle_manifest--13.0.0-1... (8.6KB)
Removing: /Users/zach/Library/Caches/Homebrew/libpng_bottle_manifest--1.6.38... (8.3KB)
Removing: /Users/zach/Library/Caches/Homebrew/exa_bottle_manifest--0.10.1-3... (7.5KB)
Removing: /Users/zach/Library/Caches/Homebrew/libxdmcp_bottle_manifest--1.1.3... (10.3KB)
Removing: /Users/zach/Library/Caches/Homebrew/autoconf_bottle_manifest--2.71... (11.7KB)
Removing: /Users/zach/Library/Caches/Homebrew/pipx_bottle_manifest--1.1.0-1... (18.7KB)
Removing: /Users/zach/Library/Caches/Homebrew/xz_bottle_manifest--5.2.7... (8.1KB)
Removing: /Users/zach/Library/Caches/Homebrew/pyenv_bottle_manifest--2.3.6... (29KB)
Removing: /Users/zach/Library/Caches/Homebrew/jpeg_bottle_manifest--9e... (8KB)
Removing: /Users/zach/Library/Caches/Homebrew/mpdecimal_bottle_manifest--2.5.1... (8.6KB)
Removing: /Users/zach/Library/Caches/Homebrew/pastel_bottle_manifest--0.9.0-1... (7KB)
Removing: /Users/zach/Library/Caches/Homebrew/openssl@1.1_bottle_manifest--1.1.1s... (9.7KB)
Removing: /Users/zach/Library/Caches/Homebrew/libpthread-stubs_bottle_manifest--0.4... (10.3KB)
Removing: /Users/zach/Library/Caches/Homebrew/bat_bottle_manifest--0.22.1... (7.9KB)
Removing: /Users/zach/Library/Caches/Homebrew/pkg-config_bottle_manifest--0.29.2_3... (9.2KB)
Removing: /Users/zach/Library/Caches/Homebrew/fzf_bottle_manifest--0.35.1... (7.9KB)
Removing: /Users/zach/Library/Caches/Homebrew/python@3.11_bottle_manifest--3.11.0... (25.4KB)
Removing: /Users/zach/Library/Caches/Homebrew/pcre2_bottle_manifest--10.40... (9.6KB)
Removing: /Users/zach/Library/Logs/Homebrew/pyenv... (64B)
Removing: /Users/zach/Library/Logs/Homebrew/pkg-config... (64B)
Removing: /Users/zach/Library/Logs/Homebrew/xorgproto... (64B)
Removing: /Users/zach/Library/Logs/Homebrew/libxau... (64B)
Removing: /Users/zach/Library/Logs/Homebrew/libpng... (64B)
Removing: /Users/zach/Library/Logs/Homebrew/broot... (64B)
Removing: /Users/zach/Library/Logs/Homebrew/mpdecimal... (64B)
Removing: /Users/zach/Library/Logs/Homebrew/libxdmcp... (64B)
Removing: /Users/zach/Library/Logs/Homebrew/pipx... (64B)
Removing: /Users/zach/Library/Logs/Homebrew/fd... (64B)
Removing: /Users/zach/Library/Logs/Homebrew/libxcb... (64B)
Removing: /Users/zach/Library/Logs/Homebrew/readline... (64B)
Removing: /Users/zach/Library/Logs/Homebrew/exa... (64B)
Removing: /Users/zach/Library/Logs/Homebrew/sqlite... (64B)
Removing: /Users/zach/Library/Logs/Homebrew/libpthread-stubs... (64B)
Removing: /Users/zach/Library/Logs/Homebrew/xz... (64B)
Removing: /Users/zach/Library/Logs/Homebrew/pastel... (64B)
Removing: /Users/zach/Library/Logs/Homebrew/ca-certificates... (64B)
Removing: /Users/zach/Library/Logs/Homebrew/autoconf... (64B)
Removing: /Users/zach/Library/Logs/Homebrew/m4... (64B)
Removing: /Users/zach/Library/Logs/Homebrew/pcre2... (64B)
Removing: /Users/zach/Library/Logs/Homebrew/openssl@1.1... (64B)
Removing: /Users/zach/Library/Logs/Homebrew/bat... (64B)
Removing: /Users/zach/Library/Logs/Homebrew/jpeg... (64B)
Removing: /Users/zach/Library/Logs/Homebrew/python@3.11... (2 files, 2.6KB)
Removing: /Users/zach/Library/Logs/Homebrew/ripgrep... (64B)
Removing: /Users/zach/Library/Logs/Homebrew/imgcat... (5 files, 13.0KB)
Removing: /Users/zach/Library/Logs/Homebrew/fzf... (64B)
Removing: /Users/zach/Library/Logs/Homebrew/diff-so-fancy... (64B)
Pruned 0 symbolic links and 2 directories from /opt/homebrew
==> Caveats
==> tig
A sample of the default configuration has been installed to:
  /opt/homebrew/opt/tig/share/tig/examples/tigrc
to override the system-wide default configuration, copy the sample to:
  /opt/homebrew/etc/tigrc

zsh completions and functions have been installed to:
  /opt/homebrew/share/zsh/site-functions
