$ ssh-keygen -t ed25519 -C "zjv5002@gmail.com"

Generating public/private ed25519 key pair.
Enter file in which to save the key (/Users/zach/.ssh/id_ed25519):
Enter passphrase (empty for no passphrase):
Enter same passphrase again:
Your identification has been saved in /Users/zach/.ssh/id_ed25519
Your public key has been saved in /Users/zach/.ssh/id_ed25519.pub
The key fingerprint is:
SHA256:EvgzyXbIp+QQGYGIE3HjECzqOkj8jO3DWVxnmfjsbHw zjv5002@gmail.com
The key's randomart image is:
+--[ED25519 256]--+
|B=o.o.           |
|==.. +           |
|o.. + . . o      |
|.    = * =       |
|o   o & S        |
| +   B B o       |
|+ * o o +        |
|+. B     = E     |
| ....   . .      |
+----[SHA256]-----+

$ which ssh-agent
/usr/bin/ssh-agent

$ eval "$(ssh-agent -s)"
Agent pid 24132

$ vim config  # add config for Github

$ ssh-add ~/.ssh/id_ed25519
Identity added: /Users/zach/.ssh/id_ed25519 (zjv5002@gmail.com)
