$ cargo install cargo-insta
    Updating crates.io index
  Downloaded cargo-insta v1.47.1
  Downloaded 1 crate (64.9KiB) in 0.24s
  Installing cargo-insta v1.47.1
    Updating crates.io index
     Locking 111 packages to latest compatible versions
      Adding cargo_metadata v0.18.1 (available: v0.23.1)
      Adding generic-array v0.14.7 (available: v0.14.9)
      Adding itertools v0.10.5 (available: v0.14.0)
  Downloaded same-file v1.0.6
  Downloaded cargo_metadata v0.18.1
  Downloaded cargo-platform v0.1.9
  Downloaded pest_generator v2.8.6
  Downloaded pathdiff v0.2.3
  Downloaded thiserror-impl v1.0.69
  Downloaded thiserror v1.0.69
  Downloaded walkdir v2.5.0
  Downloaded ucd-trie v0.1.7
  Downloaded console v0.16.3
  Downloaded ignore v0.4.25
  Downloaded globset v0.4.18
  Downloaded pest v2.8.6
  Downloaded itertools v0.10.5
  Downloaded insta v1.47.1
  Downloaded pest_derive v2.8.6
  Downloaded open v5.3.3
  Downloaded pest_meta v2.8.6
  Downloaded 18 crates (816.0KiB) in 0.45s
   Compiling proc-macro2 v1.0.106
   Compiling quote v1.0.45
   Compiling unicode-ident v1.0.24
   Compiling libc v0.2.183
   Compiling serde_core v1.0.228
   Compiling memchr v2.8.0
   Compiling serde v1.0.228
   Compiling getrandom v0.4.2
   Compiling crossbeam-utils v0.8.21
   Compiling ucd-trie v0.1.7
   Compiling utf8parse v0.2.2
   Compiling anstyle-parse v1.0.0
   Compiling pest v2.8.6
   Compiling anstyle v1.0.14
    Building [===>                      ] 16/101: anstyle, serde_core, libc(build), pest
   Compiling is_terminal_polyfill v1.70.2
   Compiling zmij v1.0.21
   Compiling cfg-if v1.0.4
   Compiling anstyle-query v1.1.5
   Compiling syn v2.0.117
   Compiling colorchoice v1.0.5
   Compiling rustix v1.1.4
   Compiling errno v0.3.14
   Compiling anstream v1.0.0
   Compiling pest_meta v2.8.6
   Compiling aho-corasick v1.1.4
   Compiling camino v1.2.2
   Compiling bitflags v2.11.0
   Compiling strsim v0.11.1
   Compiling clap_lex v1.1.0
   Compiling thiserror v1.0.69
   Compiling serde_json v1.0.149
   Compiling heck v0.5.0
   Compiling regex-syntax v0.8.10
   Compiling clap_builder v4.6.0
   Compiling pest_generator v2.8.6
   Compiling regex-automata v0.4.14
   Compiling crossbeam-epoch v0.9.18
   Compiling bstr v1.12.1
   Compiling serde_derive v1.0.228
   Compiling clap_derive v4.6.0
   Compiling thiserror-impl v1.0.69
   Compiling unicode-width v0.2.2
   Compiling once_cell v1.21.4
   Compiling itoa v1.0.18
   Compiling log v0.4.29
   Compiling fastrand v2.3.0
   Compiling same-file v1.0.6
   Compiling tempfile v3.27.0
   Compiling walkdir v2.5.0
   Compiling clap v4.6.0
   Compiling globset v0.4.18
   Compiling console v0.16.3
   Compiling cargo-platform v0.1.9
   Compiling pest_derive v2.8.6
   Compiling crossbeam-deque v0.8.6
   Compiling semver v1.0.27
   Compiling similar v2.7.0
   Compiling either v1.15.0
   Compiling pathdiff v0.2.3
   Compiling itertools v0.10.5
   Compiling open v5.3.3
   Compiling cargo_metadata v0.18.1
   Compiling insta v1.47.1
   Compiling ignore v0.4.25
   Compiling uuid v1.23.0
   Compiling cargo-insta v1.47.1
    Finished `release` profile [optimized] target(s) in 40.97s
  Installing /Users/zach/.cargo/bin/cargo-insta
   Installed package `cargo-insta v1.47.1` (executable `cargo-insta`)
