$ cargo install just

    Updating crates.io index
  Downloaded just v1.48.1
  Downloaded 1 crate (306.4KiB) in 0.30s
  Installing just v1.48.1
    Updating crates.io index
     Locking 164 packages to latest compatible versions
      Adding generic-array v0.14.7 (available: v0.14.9)
      Adding sha2 v0.10.9 (available: v0.11.0)
  Downloaded ansi_term v0.12.1
  Downloaded anstream v1.0.0
  Downloaded crypto-common v0.1.7
  Downloaded roff v1.1.1
  Downloaded typed-arena v2.0.2
  Downloaded colorchoice v1.0.5
  Downloaded errno v0.3.14
  Downloaded lexiclean v0.0.1
  Downloaded strum v0.28.0
  Downloaded percent-encoding v2.3.2
  Downloaded is_terminal_polyfill v1.70.2
  Downloaded cfg-if v1.0.4
  Downloaded arrayref v0.3.9
  Downloaded target v2.1.0
  Downloaded clap_mangen v0.3.0
  Downloaded terminal_size v0.4.4
  Downloaded fastrand v2.3.0
  Downloaded cfg_aliases v0.2.1
  Downloaded clap_lex v1.1.0
  Downloaded anstyle-query v1.1.5
  Downloaded is_executable v1.0.5
  Downloaded itoa v1.0.18
  Downloaded zmij v1.0.21
  Downloaded rand_core v0.10.0
  Downloaded snafu-derive v0.9.0
  Downloaded once_cell v1.21.4
  Downloaded tempfile v3.27.0
  Downloaded memmap2 v0.9.10
  Downloaded clap_derive v4.6.0
  Downloaded bitflags v2.11.0
  Downloaded uuid v1.23.0
  Downloaded snafu v0.9.0
  Downloaded unicode-segmentation v1.13.2
  Downloaded memchr v2.8.0
  Downloaded rand v0.10.0
  Downloaded aho-corasick v1.1.4
  Downloaded serde_json v1.0.149
  Downloaded clap_builder v4.6.0
  Downloaded regex v1.12.3
  Downloaded blake3 v1.8.3
  Downloaded cc v1.2.58
  Downloaded chrono v0.4.44
  Downloaded unicode-width v0.2.2
  Downloaded syn v2.0.117
  Downloaded typenum v1.19.0
  Downloaded serde v1.0.228
  Downloaded regex-syntax v0.8.10
  Downloaded clap v4.6.0
  Downloaded bstr v1.12.1
  Downloaded rustix v1.1.4
  Downloaded nix v0.31.2
  Downloaded serde_core v1.0.228
  Downloaded rayon-core v1.13.0
  Downloaded proc-macro2 v1.0.106
  Downloaded getrandom v0.4.2
  Downloaded derive-where v1.6.1
  Downloaded clap_complete v4.6.0
  Downloaded unicode-ident v1.0.24
  Downloaded strum_macros v0.28.0
  Downloaded similar v2.7.0
  Downloaded regex-automata v0.4.14
  Downloaded serde_derive v1.0.228
  Downloaded iana-time-zone v0.1.65
  Downloaded chacha20 v0.10.0
  Downloaded camino v1.2.2
  Downloaded semver v1.0.27
  Downloaded quote v1.0.45
  Downloaded num_cpus v1.17.0
  Downloaded constant_time_eq v0.4.2
  Downloaded anstyle v1.0.14
  Downloaded shellexpand v3.1.2
  Downloaded rustversion v1.0.22
  Downloaded libc v0.2.183
  Downloaded find-msvc-tools v0.1.9
  Downloaded dotenvy v0.15.7
  Downloaded anstyle-parse v1.0.0
  Downloaded edit-distance v2.2.2
  Downloaded 77 crates (6.5MiB) in 1.01s
   Compiling libc v0.2.183
   Compiling proc-macro2 v1.0.106
   Compiling quote v1.0.45
   Compiling unicode-ident v1.0.24
   Compiling rustix v1.1.4
   Compiling bitflags v2.11.0
   Compiling cfg-if v1.0.4
   Compiling heck v0.5.0
   Compiling version_check v0.9.5
   Compiling typenum v1.19.0
   Compiling utf8parse v0.2.2
   Compiling crossbeam-utils v0.8.21
   Compiling generic-array v0.14.7
   Compiling anstyle-parse v1.0.0
   Compiling colorchoice v1.0.5
   Compiling getrandom v0.4.2
   Compiling is_terminal_polyfill v1.70.2
   Compiling anstyle-query v1.1.5
   Compiling anstyle v1.0.14
   Compiling rand_core v0.10.0
   Compiling anstream v1.0.0
   Compiling rayon-core v1.13.0
   Compiling shlex v1.3.0
   Compiling clap_lex v1.1.0
   Compiling find-msvc-tools v0.1.9
   Compiling autocfg v1.5.0
   Compiling memchr v2.8.0
   Compiling serde_core v1.0.228
   Compiling strsim v0.11.1
   Compiling num-traits v0.2.19
   Compiling cc v1.2.58
   Compiling crossbeam-epoch v0.9.18
   Compiling zmij v1.0.21
   Compiling syn v2.0.117
   Compiling errno v0.3.14
   Compiling cfg_aliases v0.2.1
   Compiling option-ext v0.2.0
   Compiling nix v0.31.2
   Compiling dirs-sys v0.5.0
   Compiling crossbeam-deque v0.8.6
   Compiling block-buffer v0.10.4
   Compiling crypto-common v0.1.7
   Compiling aho-corasick v1.1.4
   Compiling serde v1.0.228
   Compiling rustversion v1.0.22
   Compiling camino v1.2.2
   Compiling regex-syntax v0.8.10
   Compiling core-foundation-sys v0.8.7
   Compiling serde_json v1.0.149
   Compiling iana-time-zone v0.1.65
   Compiling blake3 v1.8.3
   Compiling terminal_size v0.4.4
   Compiling clap_builder v4.6.0
   Compiling digest v0.10.7
   Compiling regex-automata v0.4.14
   Compiling dirs v6.0.0
   Compiling cpufeatures v0.2.17
   Compiling memmap2 v0.9.10
   Compiling chacha20 v0.10.0
   Compiling constant_time_eq v0.4.2
   Compiling arrayref v0.3.9
   Compiling just v1.48.1
   Compiling once_cell v1.21.4
   Compiling unicode-segmentation v1.13.2
   Compiling is_executable v1.0.5
   Compiling itoa v1.0.18
   Compiling fastrand v2.3.0
   Compiling roff v1.1.1
   Compiling arrayvec v0.7.6
   Compiling tempfile v3.27.0
   Compiling similar v2.7.0
   Compiling rand v0.10.0
   Compiling clap_derive v4.6.0
   Compiling strum_macros v0.28.0
   Compiling serde_derive v1.0.228
   Compiling snafu-derive v0.9.0
   Compiling regex v1.12.3
   Compiling derive-where v1.6.1
   Compiling clap v4.6.0
   Compiling strum v0.28.0
   Compiling clap_complete v4.6.0
   Compiling clap_mangen v0.3.0
   Compiling sha2 v0.10.9
   Compiling shellexpand v3.1.2
   Compiling snafu v0.9.0
   Compiling chrono v0.4.44
   Compiling uuid v1.23.0
   Compiling num_cpus v1.17.0
   Compiling percent-encoding v2.3.2
   Compiling semver v1.0.27
   Compiling typed-arena v2.0.2
   Compiling dotenvy v0.15.7
   Compiling unicode-width v0.2.2
   Compiling target v2.1.0
   Compiling edit-distance v2.2.2
   Compiling lexiclean v0.0.1
   Compiling ansi_term v0.12.1
    Finished `release` profile [optimized] target(s) in 1m 19s
  Installing /Users/zach/.cargo/bin/just
   Installed package `just v1.48.1` (executable `just`)
