cargo install --locked prek

    Updating crates.io index
  Downloaded prek v0.3.8
  Downloaded 1 crate (357.8KiB) in 0.43s
  Installing prek v0.3.8
    Updating crates.io index
    Updating crates.io index
  Downloaded parking v2.2.1
  Downloaded idna_adapter v1.2.1
  Downloaded lru-slab v0.1.2
  Downloaded form_urlencoded v1.2.2
  Downloaded bit-set v0.8.0
  Downloaded nohash-hasher v0.2.0
  Downloaded adler2 v2.0.1
  Downloaded levenshtein v1.0.5
  Downloaded fnv v1.0.7
  Downloaded clap_lex v1.0.0
  Downloaded compression-core v0.4.31
  Downloaded atomic-waker v1.1.2
  Downloaded ctrlc v3.5.2
  Downloaded lazy-regex-proc_macros v3.6.0
  Downloaded cargo-platform v0.3.2
  Downloaded http-body v1.0.1
  Downloaded path-clean v1.0.1
  Downloaded futures-io v0.3.32
  Downloaded futures-macro v0.3.32
  Downloaded futures-core v0.3.32
  Downloaded hex v0.4.3
  Downloaded futures-sink v0.3.32
  Downloaded matchers v0.2.0
  Downloaded pin-utils v0.1.0
  Downloaded owo-colors v4.3.0
  Downloaded lazy_static v1.5.0
  Downloaded ipnet v2.12.0
  Downloaded filetime v0.2.27
  Downloaded core-foundation v0.10.1
  Downloaded serde_stacker v0.1.14
  Downloaded phf_macros v0.13.1
  Downloaded etcetera v0.11.0
  Downloaded displaydoc v0.2.5
  Downloaded objc2-encode v4.1.0
  Downloaded ahash v0.8.12
  Downloaded hyper-rustls v0.27.7
  Downloaded cargo_metadata v0.23.1
  Downloaded litemap v0.8.1
  Downloaded siphasher v1.0.2
  Downloaded icu_properties v2.1.2
  Downloaded futures-lite v2.6.1
  Downloaded psm v0.1.30
  Downloaded tinyvec_macros v0.1.1
  Downloaded icu_locale_core v2.1.1
  Downloaded http v1.4.0
  Downloaded zerofrom v0.1.6
  Downloaded iri-string v0.7.10
  Downloaded want v0.3.1
  Downloaded h2 v0.4.13
  Downloaded xattr v1.6.1
  Downloaded tower-layer v0.3.3
  Downloaded aws-lc-rs v1.16.2
  Downloaded utf8_iter v1.0.4
  Downloaded objc2 v0.6.4
  Downloaded try-lock v0.2.5
  Downloaded tower-service v0.3.3
  Downloaded mea v0.6.3
  Downloaded zerofrom-derive v0.1.6
  Downloaded untrusted v0.9.0
  Downloaded subtle v2.6.1
  Downloaded stable_deref_trait v1.2.1
  Downloaded object v0.37.3
  Downloaded terminal_size v0.4.3
  Downloaded futures-util v0.3.32
  Downloaded phf_shared v0.13.1
  Downloaded sync_wrapper v1.0.2
  Downloaded unit-prefix v0.5.2
  Downloaded icu_properties_data v2.1.2
  Downloaded hyper v1.8.1
  Downloaded idna v1.1.0
  Downloaded itertools v0.14.0
  Downloaded security-framework-sys v2.17.0
  Downloaded hyper-util v0.1.20
  Downloaded quinn-udp v0.5.14
  Downloaded cc v1.2.56
  Downloaded system-configuration v0.7.0
  Downloaded fancy-regex v0.17.0
  Downloaded prek-pty v0.3.8
  Downloaded prek-consts v0.3.8
  Downloaded async-compression v0.4.41
  Downloaded pkg-config v0.3.32
  Downloaded zeroize v1.8.2
  Downloaded writeable v0.6.2
  Downloaded toml_datetime v1.0.0+spec-1.1.0
  Downloaded tinystr v0.8.2
  Downloaded thread_local v1.1.9
  Downloaded stacker v0.1.23
  Downloaded simd-adler32 v0.3.8
  Downloaded serde_spanned v1.0.4
  Downloaded phf_generator v0.13.1
  Downloaded icu_collections v2.1.1
  Downloaded ppv-lite86 v0.2.21
  Downloaded pin-project-lite v0.2.17
  Downloaded toml_writer v1.0.6+spec-1.1.0
  Downloaded which v8.0.2
  Downloaded tracing-log v0.2.0
  Downloaded system-configuration-sys v0.6.0
  Downloaded slab v0.4.12
  Downloaded flate2 v1.1.9
  Downloaded target-lexicon v0.13.5
  Downloaded bytes v1.11.1
  Downloaded zerovec-derive v0.11.2
  Downloaded ar_archive_writer v0.5.1
  Downloaded rand_chacha v0.9.0
  Downloaded yoke v0.8.1
  Downloaded miniz_oxide v0.8.9
  Downloaded json5 v1.3.1
  Downloaded indicatif v0.18.4
  Downloaded encoding_rs v0.8.35
  Downloaded potential_utf v0.1.4
  Downloaded yoke-derive v0.8.1
  Downloaded tokio-macros v2.6.1
  Downloaded rustls-pki-types v1.14.0
  Downloaded rand_core v0.9.5
  Downloaded prek-identify v0.3.8
  Downloaded icu_normalizer v2.1.1
  Downloaded futures v0.3.32
  Downloaded toml_parser v1.0.9+spec-1.1.0
  Downloaded base64 v0.22.1
  Downloaded tokio-stream v0.1.18
  Downloaded synstructure v0.13.2
  Downloaded icu_provider v2.1.1
  Downloaded tokio-rustls v0.26.4
  Downloaded liblzma-sys v0.4.5
  Downloaded pin-project-internal v1.1.11
  Downloaded toml v1.0.6+spec-1.1.0
  Downloaded tinyvec v1.10.0
  Downloaded pin-project v1.1.11
  Downloaded tracing-core v0.1.36
  Downloaded tracing-attributes v0.1.31
  Downloaded sharded-slab v0.1.7
  Downloaded icu_normalizer_data v2.1.1
  Downloaded dispatch2 v0.3.1
  Downloaded astral-tokio-tar v0.6.0
  Downloaded getrandom v0.3.4
  Downloaded socket2 v0.6.2
  Downloaded annotate-snippets v0.12.12
  Downloaded zerotrie v0.2.3
  Downloaded httparse v1.10.1
  Downloaded getrandom v0.2.17
  Downloaded futures-channel v0.3.32
  Downloaded crc32fast v1.5.0
  Downloaded console v0.16.2
  Downloaded block2 v0.6.2
  Downloaded security-framework v3.7.0
  Downloaded rustls-webpki v0.103.10
  Downloaded rustls-platform-verifier v0.6.2
  Downloaded quinn v0.11.9
  Downloaded astral_async_zip v0.0.17
  Downloaded toml_edit v0.25.4+spec-1.1.0
  Downloaded nu-ansi-term v0.50.3
  Downloaded liblzma v0.4.6
  Downloaded lazy-regex v3.6.0
  Downloaded jobserver v0.1.34
  Downloaded fs_extra v1.3.0
  Downloaded core-foundation v0.9.4
  Downloaded cmake v0.1.57
  Downloaded phf v0.13.1
  Downloaded saphyr-parser-bw v0.0.608
  Downloaded rand v0.9.2
  Downloaded futures-task v0.3.32
  Downloaded futures-executor v0.3.32
  Downloaded compression-codecs v0.4.37
  Downloaded bit-vec v0.8.0
  Downloaded anstyle v1.0.13
  Downloaded rustc-hash v2.1.1
  Downloaded fs-err v3.3.0
  Downloaded foldhash v0.2.0
  Downloaded encoding_rs_io v0.1.7
  Downloaded arraydeque v0.5.1
  Downloaded url v2.5.8
  Downloaded http-body-util v0.1.3
  Downloaded colorchoice v1.0.4
  Downloaded dunce v1.0.5
  Downloaded tower v0.5.3
  Downloaded zerovec v0.11.5
  Downloaded aws-lc-sys v0.39.0
  Downloaded tokio-util v0.7.18
  Downloaded webpki-root-certs v1.0.6
  Downloaded reqwest v0.13.2
  Downloaded rayon v1.11.0
  Downloaded portable-atomic v1.13.1
  Downloaded tower-http v0.6.8
  Downloaded quick-xml v0.39.2
  Downloaded tracing-subscriber v0.3.22
  Downloaded quinn-proto v0.11.14
  Downloaded zerocopy v0.8.40
  Downloaded rustls v0.23.37
  Downloaded serde-saphyr v0.0.21
  Downloaded tracing v0.1.44
  Downloaded tokio v1.50.0
  Downloaded ring v0.17.14
  Downloaded 192 crates (24.3MiB) in 3.44s (largest was `aws-lc-sys` at 9.0MiB)
   Compiling proc-macro2 v1.0.106
   Compiling quote v1.0.45
   Compiling unicode-ident v1.0.24
   Compiling libc v0.2.183
   Compiling shlex v1.3.0
   Compiling find-msvc-tools v0.1.9
   Compiling pin-project-lite v0.2.17
   Compiling memchr v2.8.0
   Compiling cfg-if v1.0.4
   Compiling bytes v1.11.1
   Compiling once_cell v1.21.3
   Compiling bitflags v2.11.0
   Compiling futures-core v0.3.32
   Compiling serde_core v1.0.228
   Compiling futures-io v0.3.32
   Compiling stable_deref_trait v1.2.1
   Compiling futures-sink v0.3.32
   Compiling fs_extra v1.3.0
   Compiling autocfg v1.5.0
   Compiling dunce v1.0.5
   Compiling itoa v1.0.17
   Compiling smallvec v1.15.1
   Compiling slab v0.4.12
   Compiling aho-corasick v1.1.4
   Compiling regex-syntax v0.8.10
   Compiling hashbrown v0.16.1
   Compiling core-foundation-sys v0.8.7
   Compiling equivalent v1.0.2
   Compiling rustix v1.1.4
   Compiling jobserver v0.1.34
   Compiling cc v1.2.56
   Compiling errno v0.3.14
   Compiling socket2 v0.6.2
   Compiling syn v2.0.117
   Compiling signal-hook-registry v1.4.8
   Compiling mio v1.1.1
   Compiling indexmap v2.13.0
   Compiling cmake v0.1.57
   Compiling regex-automata v0.4.14
   Compiling futures-channel v0.3.32
   Compiling aws-lc-sys v0.39.0
   Compiling tracing-core v0.1.36
   Compiling zeroize v1.8.2
   Compiling aws-lc-rs v1.16.2
   Compiling http v1.4.0
   Compiling litemap v0.8.1
   Compiling object v0.37.3
   Compiling futures-task v0.3.32
   Compiling writeable v0.6.2
   Compiling synstructure v0.13.2
   Compiling rustls-pki-types v1.14.0
   Compiling fs-err v3.3.0
   Compiling crossbeam-utils v0.8.21
   Compiling serde v1.0.228
   Compiling icu_normalizer_data v2.1.1
   Compiling pkg-config v0.3.32
   Compiling icu_properties_data v2.1.2
   Compiling liblzma-sys v0.4.5
   Compiling tokio-macros v2.6.1
   Compiling zerofrom-derive v0.1.6
   Compiling yoke-derive v0.8.1
   Compiling zerovec-derive v0.11.2
   Compiling displaydoc v0.2.5
   Compiling tokio v1.50.0
   Compiling tracing-attributes v0.1.31
   Compiling futures-macro v0.3.32
   Compiling zerofrom v0.1.6
   Compiling serde_derive v1.0.228
   Compiling yoke v0.8.1
   Compiling futures-util v0.3.32
   Compiling zerovec v0.11.5
   Compiling tracing v0.1.44
   Compiling tinystr v0.8.2
   Compiling potential_utf v0.1.4
   Compiling zerotrie v0.2.3
   Compiling icu_locale_core v2.1.1
   Compiling icu_collections v2.1.1
   Compiling icu_provider v2.1.1
   Compiling http-body v1.0.1
   Compiling crc32fast v1.5.0
   Compiling zmij v1.0.21
   Compiling system-configuration-sys v0.6.0
   Compiling untrusted v0.9.0
   Compiling httparse v1.10.1
   Compiling thiserror v2.0.18
   Compiling rustls v0.23.37
   Compiling tokio-util v0.7.18
   Compiling anstyle v1.0.13
   Compiling log v0.4.29
   Compiling thiserror-impl v2.0.18
   Compiling ar_archive_writer v0.5.1
   Compiling try-lock v0.2.5
   Compiling tower-service v0.3.3
   Compiling fnv v1.0.7
   Compiling simd-adler32 v0.3.8
   Compiling adler2 v2.0.1
   Compiling atomic-waker v1.1.2
   Compiling objc2 v0.6.4
   Compiling subtle v2.6.1
   Compiling percent-encoding v2.3.2
   Compiling utf8parse v0.2.2
   Compiling siphasher v1.0.2
   Compiling heck v0.5.0
   Compiling psm v0.1.30
   Compiling phf_shared v0.13.1
   Compiling anstyle-parse v1.0.0
   Compiling h2 v0.4.13
   Compiling miniz_oxide v0.8.9
   Compiling want v0.3.1
   Compiling icu_properties v2.1.2
   Compiling crossbeam-epoch v0.9.18
   Compiling icu_normalizer v2.1.1
   Compiling core-foundation v0.9.4
   Compiling zerocopy v0.8.40
   Compiling getrandom v0.3.4
   Compiling serde_json v1.0.149
   Compiling objc2-encode v4.1.0
   Compiling getrandom v0.4.2
   Compiling unicode-width v0.2.2
   Compiling base64 v0.22.1
   Compiling colorchoice v1.0.4
   Compiling rand_core v0.10.0
   Compiling pin-utils v0.1.0
   Compiling fastrand v2.3.0
   Compiling version_check v0.9.5
   Compiling cfg_aliases v0.2.1
   Compiling portable-atomic v1.13.1
   Compiling is_terminal_polyfill v1.70.2
   Compiling anstyle-query v1.1.5
   Compiling anstream v1.0.0
   Compiling ahash v0.8.12
   Compiling nix v0.31.2
   Compiling phf_generator v0.13.1
   Compiling hyper v1.8.1
   Compiling system-configuration v0.7.0
   Compiling flate2 v1.1.9
   Compiling idna_adapter v1.2.1
   Compiling crossbeam-deque v0.8.6
   Compiling terminal_size v0.4.3
   Compiling stacker v0.1.23
   Compiling core-foundation v0.10.1
   Compiling security-framework-sys v2.17.0
   Compiling num-traits v0.2.19
   Compiling sync_wrapper v1.0.2
   Compiling rayon-core v1.13.0
   Compiling anyhow v1.0.102
   Compiling clap_lex v1.0.0
   Compiling strsim v0.11.1
   Compiling winnow v0.7.14
   Compiling utf8_iter v1.0.4
   Compiling thiserror v1.0.69
   Compiling compression-core v0.4.31
   Compiling ipnet v2.12.0
   Compiling tower-layer v0.3.3
   Compiling camino v1.2.2
   Compiling tower v0.5.3
   Compiling hyper-util v0.1.20
   Compiling idna v1.1.0
   Compiling clap_builder v4.6.0
   Compiling toml_parser v1.0.9+spec-1.1.0
   Compiling security-framework v3.7.0
   Compiling regex v1.12.3
   Compiling liblzma v0.4.6
   Compiling compression-codecs v0.4.37
   Compiling block2 v0.6.2
   Compiling phf_macros v0.13.1
   Compiling clap_derive v4.6.0
   Compiling form_urlencoded v1.2.2
   Compiling thiserror-impl v1.0.69
   Compiling pin-project-internal v1.1.11
   Compiling bstr v1.12.1
   Compiling toml_datetime v1.0.0+spec-1.1.0
   Compiling encoding_rs v0.8.35
   Compiling arraydeque v0.5.1
   Compiling owo-colors v4.3.0
   Compiling bit-vec v0.8.0
   Compiling either v1.15.0
   Compiling parking v2.2.1
   Compiling target-lexicon v0.13.5
   Compiling iri-string v0.7.10
   Compiling same-file v1.0.6
   Compiling lazy_static v1.5.0
   Compiling sharded-slab v0.1.7
   Compiling encoding_rs_io v0.1.7
   Compiling walkdir v2.5.0
   Compiling bit-set v0.8.0
   Compiling futures-lite v2.6.1
   Compiling saphyr-parser-bw v0.0.608
   Compiling globset v0.4.18
   Compiling tower-http v0.6.8
   Compiling clap v4.6.0
   Compiling pin-project v1.1.11
   Compiling url v2.5.8
   Compiling phf v0.13.1
   Compiling dispatch2 v0.3.1
   Compiling async-compression v0.4.41
   Compiling lazy-regex-proc_macros v3.6.0
   Compiling prek v0.3.8
   Compiling chacha20 v0.10.0
   Compiling annotate-snippets v0.12.12
   Compiling console v0.16.2
   Compiling strum_macros v0.28.0
   Compiling tracing-log v0.2.0
   Compiling tokio-stream v0.1.18
   Compiling futures-executor v0.3.32
   Compiling http-body-util v0.1.3
   Compiling matchers v0.2.0
   Compiling xattr v1.6.1
   Compiling serde_spanned v1.0.4
   Compiling cargo-platform v0.3.2
   Compiling semver v1.0.27
   Compiling filetime v0.2.27
   Compiling thread_local v1.1.9
   Compiling nohash-hasher v0.2.0
   Compiling ucd-trie v0.1.7
   Compiling is_executable v1.0.5
   Compiling foldhash v0.2.0
   Compiling toml_writer v1.0.6+spec-1.1.0
   Compiling unit-prefix v0.5.2
   Compiling nu-ansi-term v0.50.3
   Compiling rustc-hash v2.1.1
   Compiling indicatif v0.18.4
   Compiling toml_edit v0.25.4+spec-1.1.0
   Compiling astral-tokio-tar v0.6.0
   Compiling tracing-subscriber v0.3.22
   Compiling strum v0.28.0
   Compiling toml v1.0.6+spec-1.1.0
   Compiling json5 v1.3.1
   Compiling clap_complete v4.6.0
   Compiling serde-saphyr v0.0.21
   Compiling cargo_metadata v0.23.1
   Compiling futures v0.3.32
   Compiling rand v0.10.0
   Compiling rayon v1.11.0
   Compiling prek-identify v0.3.8
   Compiling lazy-regex v3.6.0
   Compiling astral_async_zip v0.0.17
   Compiling serde_stacker v0.1.14
   Compiling ctrlc v3.5.2
   Compiling ignore v0.4.25
   Compiling fancy-regex v0.17.0
   Compiling itertools v0.14.0
   Compiling tempfile v3.27.0
   Compiling prek-pty v0.3.8
   Compiling prek-consts v0.3.8
   Compiling webpki-root-certs v1.0.6
   Compiling which v8.0.2
   Compiling mea v0.6.3
   Compiling quick-xml v0.39.2
   Compiling etcetera v0.11.0
   Compiling indoc v2.0.7
   Compiling similar v2.7.0
   Compiling path-clean v1.0.1
   Compiling levenshtein v1.0.5
   Compiling hex v0.4.3
   Compiling rustls-webpki v0.103.10
   Compiling tokio-rustls v0.26.4
   Compiling rustls-platform-verifier v0.6.2
   Compiling hyper-rustls v0.27.7
   Compiling reqwest v0.13.2
    Finished `release` profile [optimized] target(s) in 2m 31s
  Installing /Users/zach/.cargo/bin/prek
   Installed package `prek v0.3.8` (executable `prek`)
