$ curl --proto '=https' --tlsv1.2 -sSf https://sh.rustup.rs | sh
info: downloading installer

Welcome to Rust!

This will download and install the official compiler for the Rust
programming language, and its package manager, Cargo.

Rustup metadata and toolchains will be installed into the Rustup
home directory, located at:

  /Users/zach/.rustup

This can be modified with the RUSTUP_HOME environment variable.

The Cargo home directory is located at:

  /Users/zach/.cargo

This can be modified with the CARGO_HOME environment variable.

The cargo, rustc, rustup and other commands will be added to
Cargo's bin directory, located at:

  /Users/zach/.cargo/bin

This path will then be added to your PATH environment variable by
modifying the profile files located at:

  /Users/zach/.profile
  /Users/zach/.zshenv

You can uninstall at any time with rustup self uninstall and
these changes will be reverted.

Current installation options:


   default host triple: aarch64-apple-darwin
     default toolchain: stable (default)
               profile: default
  modify PATH variable: yes

1) Proceed with standard installation (default - just press enter)
2) Customize installation
3) Cancel installation
>

info: profile set to 'default'
info: default host triple is aarch64-apple-darwin
info: syncing channel updates for 'stable-aarch64-apple-darwin'
info: latest update on 2025-06-26, rust version 1.88.0 (6b00bc388 2025-06-23)
info: downloading component 'cargo'
info: downloading component 'clippy'
info: downloading component 'rust-docs'
 20.1 MiB /  20.1 MiB (100 %)   6.4 MiB/s in  3s
info: downloading component 'rust-std'
 25.0 MiB /  25.0 MiB (100 %)   6.8 MiB/s in  3s
info: downloading component 'rustc'
 60.4 MiB /  60.4 MiB (100 %)   8.0 MiB/s in  9s
info: downloading component 'rustfmt'
info: installing component 'cargo'
info: installing component 'clippy'
info: installing component 'rust-docs'
 20.1 MiB /  20.1 MiB (100 %)   3.0 MiB/s in  5s
info: installing component 'rust-std'
 25.0 MiB /  25.0 MiB (100 %)  11.4 MiB/s in  2s
info: installing component 'rustc'
 60.4 MiB /  60.4 MiB (100 %)  12.5 MiB/s in  4s
info: installing component 'rustfmt'
info: default toolchain set to 'stable-aarch64-apple-darwin'

  stable-aarch64-apple-darwin installed - rustc 1.88.0 (6b00bc388 2025-06-23)


Rust is installed now. Great!

To get started you may need to restart your current shell.
This would reload your PATH environment variable to include
Cargo's bin directory ($HOME/.cargo/bin).

To configure your current shell, you need to source
the corresponding env file under $HOME/.cargo.

This is usually done by running one of the following (note the leading DOT):
. "$HOME/.cargo/env"            # For sh/bash/zsh/ash/dash/pdksh
source "$HOME/.cargo/env.fish"  # For fish
source $"($nu.home-path)/.cargo/env.nu"  # For nushell

$ rustup update

info: syncing channel updates for 'stable-aarch64-apple-darwin'
info: latest update on 2026-03-26, rust version 1.94.1 (e408947bf 2026-03-25)
info: downloading component 'cargo'
info: downloading component 'clippy'
info: downloading component 'rust-docs'
 20.6 MiB /  20.6 MiB (100 %)   7.9 MiB/s in  1s
info: downloading component 'rust-std'
info: downloading component 'rustc'
 61.3 MiB /  61.3 MiB (100 %)  25.7 MiB/s in  2s
info: downloading component 'rustfmt'
info: removing previous version of component 'cargo'
info: removing previous version of component 'clippy'
info: removing previous version of component 'rust-docs'
info: removing previous version of component 'rust-std'
info: removing previous version of component 'rustc'
info: removing previous version of component 'rustfmt'
info: installing component 'cargo'
info: installing component 'clippy'
info: installing component 'rust-docs'
 20.6 MiB /  20.6 MiB (100 %)   3.2 MiB/s in  5s
info: installing component 'rust-std'
 26.1 MiB /  26.1 MiB (100 %)  11.8 MiB/s in  2s
info: installing component 'rustc'
 61.3 MiB /  61.3 MiB (100 %)  12.6 MiB/s in  4s
info: installing component 'rustfmt'
info: checking for self-update
info: downloading self-update
stable-aarch64-apple-darwin updated - rustc 1.94.1 (e408947bf 2026-03-25) (from rustc 1.88.0 (6b00bc388 2025-06-23))
