$ cargo install --locked television
    Updating crates.io index
  Downloaded television v0.12.5
  Downloaded 1 crate (9.7MiB) in 0.89s
  Installing television v0.12.5
    Updating crates.io index
    Updating crates.io index
  Downloaded ident_case v1.0.1
  Downloaded lazy-regex-proc_macros v3.4.1
  Downloaded block-buffer v0.10.4
  Downloaded crossbeam-deque v0.8.6
  Downloaded autocfg v1.5.0
  Downloaded anstyle-query v1.1.3
  Downloaded castaway v0.2.3
  Downloaded anstyle-parse v0.2.7
  Downloaded indoc v2.0.6
  Downloaded dirs-sys v0.5.0
  Downloaded adler2 v2.0.1
  Downloaded devicons v0.6.12
  Downloaded ref-cast v1.0.24
  Downloaded option-ext v0.2.0
  Downloaded clap_mangen v0.2.27
  Downloaded darling_macro v0.20.11
  Downloaded parking_lot_core v0.9.11
  Downloaded cpufeatures v0.2.17
  Downloaded colorchoice v1.0.4
  Downloaded num-conv v0.1.0
  Downloaded matchers v0.1.0
  Downloaded lru v0.12.5
  Downloaded bitflags v2.9.1
  Downloaded anstream v0.6.19
  Downloaded generic-array v0.14.7
  Downloaded heck v0.5.0
  Downloaded foldhash v0.1.5
  Downloaded fnv v1.0.7
  Downloaded lazy-regex v3.4.1
  Downloaded equivalent v1.0.2
  Downloaded core-foundation-sys v0.8.7
  Downloaded anstyle v1.0.11
  Downloaded addr2line v0.24.2
  Downloaded crypto-common v0.1.6
  Downloaded cassowary v0.3.0
  Downloaded ansi-to-tui v7.0.0
  Downloaded cfg-if v1.0.1
  Downloaded nucleo-matcher v0.3.1
  Downloaded nucleo v0.5.0
  Downloaded iana-time-zone v0.1.63
  Downloaded zeroize v1.8.1
  Downloaded crossbeam-utils v0.8.21
  Downloaded which v8.0.0
  Downloaded num-traits v0.2.19
  Downloaded compact_str v0.8.1
  Downloaded parking_lot v0.12.4
  Downloaded log v0.4.27
  Downloaded indexmap v1.9.3
  Downloaded backtrace v0.3.75
  Downloaded flate2 v1.1.2
  Downloaded signal-hook-mio v0.2.4
  Downloaded minimal-lexical v0.2.1
  Downloaded nom v7.1.3
  Downloaded mio v1.0.4
  Downloaded itertools v0.13.0
  Downloaded strum v0.26.3
  Downloaded clap_builder v4.5.40
  Downloaded winnow v0.7.11
  Downloaded hashbrown v0.15.4
  Downloaded chrono v0.4.41
  Downloaded aho-corasick v1.1.3
  Downloaded crossterm v0.28.1
  Downloaded strip-ansi-escapes v0.2.1
  Downloaded gimli v0.31.1
  Downloaded unicode-truncate v1.1.0
  Downloaded tokio-macros v2.5.0
  Downloaded better-panic v0.3.0
  Downloaded strsim v0.11.1
  Downloaded static_assertions v1.1.0
  Downloaded object v0.36.7
  Downloaded walkdir v2.5.0
  Downloaded pest_generator v2.8.1
  Downloaded ref-cast-impl v1.0.24
  Downloaded untrusted v0.9.0
  Downloaded subtle v2.6.1
  Downloaded rustc-hash v2.1.1
  Downloaded rustversion v1.0.21
  Downloaded memchr v2.7.5
  Downloaded serde_spanned v0.6.9
  Downloaded paste v1.0.15
  Downloaded indexmap v2.10.0
  Downloaded powerfmt v0.2.0
  Downloaded http v1.3.1
  Downloaded hashbrown v0.12.3
  Downloaded scopeguard v1.2.0
  Downloaded same-file v1.0.6
  Downloaded roff v0.2.2
  Downloaded percent-encoding v2.3.1
  Downloaded miniz_oxide v0.8.9
  Downloaded cc v1.2.29
  Downloaded getrandom v0.3.3
  Downloaded lock_api v0.4.13
  Downloaded utf8parse v0.2.2
  Downloaded utf-8 v0.7.6
  Downloaded tracing-log v0.2.0
  Downloaded time-core v0.1.4
  Downloaded thiserror v1.0.69
  Downloaded libc v0.2.174
  Downloaded webpki-roots v0.26.11
  Downloaded rustls-pemfile v2.2.0
  Downloaded pin-project-lite v0.2.16
  Downloaded pest_derive v2.8.1
  Downloaded quote v1.0.40
  Downloaded version_check v0.9.5
  Downloaded tracing-attributes v0.1.30
  Downloaded toml_write v0.1.2
  Downloaded time-macros v0.2.22
  Downloaded thread_local v1.1.9
  Downloaded thiserror-impl v2.0.12
  Downloaded thiserror-impl v1.0.69
  Downloaded thiserror v2.0.12
  Downloaded smallvec v1.15.1
  Downloaded toml_datetime v0.6.11
  Downloaded strum_macros v0.26.4
  Downloaded toml v0.8.23
  Downloaded serde_with_macros v3.14.0
  Downloaded simdutf8 v0.1.5
  Downloaded signal-hook-registry v1.4.5
  Downloaded shlex v1.3.0
  Downloaded rustc-demangle v0.1.25
  Downloaded darling_core v0.20.11
  Downloaded bytes v1.10.1
  Downloaded base64 v0.22.1
  Downloaded nu-ansi-term v0.46.0
  Downloaded pest_meta v2.8.1
  Downloaded httparse v1.10.1
  Downloaded crossbeam-epoch v0.9.18
  Downloaded clap_derive v4.5.40
  Downloaded overload v0.1.1
  Downloaded os_info v3.12.0
  Downloaded sha2 v0.10.9
  Downloaded unicode-ident v1.0.18
  Downloaded ucd-trie v0.1.7
  Downloaded signal-hook v0.3.18
  Downloaded once_cell v1.21.3
  Downloaded hex v0.4.3
  Downloaded errno v0.3.13
  Downloaded dyn-clone v1.0.19
  Downloaded digest v0.10.7
  Downloaded deranged v0.4.0
  Downloaded uuid v1.17.0
  Downloaded proc-macro2 v1.0.95
  Downloaded ryu v1.0.20
  Downloaded sharded-slab v0.1.7
  Downloaded serde_derive v1.0.219
  Downloaded vte v0.14.1
  Downloaded toml_edit v0.22.27
  Downloaded ureq-proto v0.4.2
  Downloaded schemars v1.0.4
  Downloaded typenum v1.18.0
  Downloaded serde v1.0.219
  Downloaded schemars v0.9.0
  Downloaded tracing-core v0.1.34
  Downloaded socket2 v0.5.10
  Downloaded tracing v0.1.41
  Downloaded unicode-segmentation v1.12.0
  Downloaded plist v1.7.3
  Downloaded regex-lite v0.1.6
  Downloaded string_pipeline v0.12.0
  Downloaded regex-automata v0.1.10
  Downloaded rustls-webpki v0.103.3
  Downloaded rayon-core v1.12.1
  Downloaded serde_json v1.0.140
  Downloaded time v0.3.41
  Downloaded ureq v3.0.12
  Downloaded pest v2.8.1
  Downloaded quick-xml v0.37.5
  Downloaded tracing-subscriber v0.3.19
  Downloaded serde_with v3.14.0
  Downloaded rayon v1.10.0
  Downloaded rustls-pki-types v1.12.0
  Downloaded crc32fast v1.4.2
  Downloaded regex v1.11.1
  Downloaded console v0.15.11
  Downloaded webpki-roots v1.0.1
  Downloaded regex-syntax v0.6.29
  Downloaded unicode-width v0.2.0
  Downloaded colored v3.0.0
  Downloaded syn v2.0.104
  Downloaded unicode-width v0.1.14
  Downloaded clap_lex v0.7.5
  Downloaded clap v4.5.40
  Downloaded rustix v0.38.44
  Downloaded rustls v0.23.28
  Downloaded regex-syntax v0.8.5
  Downloaded rustix v1.0.7
  Downloaded anyhow v1.0.98
  Downloaded allocator-api2 v0.2.21
  Downloaded lazy_static v1.5.0
  Downloaded itoa v1.0.15
  Downloaded is_terminal_polyfill v1.70.1
  Downloaded instability v0.3.7
  Downloaded human-panic v2.0.2
  Downloaded ratatui v0.29.0
  Downloaded regex-automata v0.4.9
  Downloaded getrandom v0.2.16
  Downloaded filedescriptor v0.8.3
  Downloaded env_home v0.1.0
  Downloaded either v1.15.0
  Downloaded directories v6.0.0
  Downloaded darling v0.20.11
  Downloaded tokio v1.46.1
  Downloaded ring v0.17.14
  Downloaded 203 crates (16.3MiB) in 2.46s (largest was `ring` at 1.4MiB)
   Compiling proc-macro2 v1.0.95
   Compiling unicode-ident v1.0.18
   Compiling libc v0.2.174
   Compiling cfg-if v1.0.1
   Compiling memchr v2.7.5
   Compiling serde v1.0.219
   Compiling strsim v0.11.1
   Compiling log v0.4.27
   Compiling heck v0.5.0
   Compiling itoa v1.0.15
   Compiling once_cell v1.21.3
   Compiling foldhash v0.1.5
   Compiling allocator-api2 v0.2.21
   Compiling equivalent v1.0.2
   Compiling thiserror v2.0.12
   Compiling autocfg v1.5.0
   Compiling hashbrown v0.15.4
   Compiling ident_case v1.0.1
   Compiling rustversion v1.0.21
   Compiling lock_api v0.4.13
   Compiling smallvec v1.15.1
   Compiling shlex v1.3.0
   Compiling fnv v1.0.7
   Compiling parking_lot_core v0.9.11
   Compiling cc v1.2.29
   Compiling crossbeam-utils v0.8.21
   Compiling utf8parse v0.2.2
   Compiling scopeguard v1.2.0
   Compiling zeroize v1.8.1
   Compiling anstyle-parse v0.2.7
   Compiling rustls-pki-types v1.12.0
   Compiling ring v0.17.14
   Compiling adler2 v2.0.1
   Compiling anstyle-query v1.1.3
   Compiling thiserror v1.0.69
   Compiling signal-hook-registry v1.4.5
   Compiling errno v0.3.13
   Compiling quote v1.0.40
   Compiling signal-hook v0.3.18
   Compiling colorchoice v1.0.4
   Compiling either v1.15.0
   Compiling syn v2.0.104
   Compiling is_terminal_polyfill v1.70.1
   Compiling anstyle v1.0.11
   Compiling parking_lot v0.12.4
   Compiling mio v1.0.4
   Compiling anstream v0.6.19
   Compiling miniz_oxide v0.8.9
   Compiling indexmap v2.10.0
   Compiling rustix v0.38.44
   Compiling clap_lex v0.7.5
   Compiling ucd-trie v0.1.7
   Compiling base64 v0.22.1
   Compiling powerfmt v0.2.0
   Compiling object v0.36.7
   Compiling unicode-segmentation v1.12.0
   Compiling deranged v0.4.0
   Compiling clap_builder v4.5.40
   Compiling crossbeam-epoch v0.9.18
   Compiling getrandom v0.2.16
   Compiling aho-corasick v1.1.3
   Compiling httparse v1.10.1
   Compiling untrusted v0.9.0
   Compiling rayon-core v1.12.1
   Compiling paste v1.0.15
   Compiling ryu v1.0.20
   Compiling regex-syntax v0.8.5
   Compiling gimli v0.31.1
   Compiling time-core v0.1.4
   Compiling getrandom v0.3.3
   Compiling darling_core v0.20.11
   Compiling num-conv v0.1.0
   Compiling bytes v1.10.1
   Compiling serde_derive v1.0.219
   Compiling thiserror-impl v2.0.12
   Compiling clap_derive v4.5.40
   Compiling thiserror-impl v1.0.69
   Compiling strum_macros v0.26.4
   Compiling darling_macro v0.20.11
   Compiling darling v0.20.11
   Compiling addr2line v0.24.2
   Compiling pest v2.8.1
   Compiling time v0.3.41
   Compiling filedescriptor v0.8.3
   Compiling clap v4.5.40
   Compiling regex-automata v0.4.9
   Compiling pest_meta v2.8.1
   Compiling crossbeam-deque v0.8.6
   Compiling signal-hook-mio v0.2.4
   Compiling itertools v0.13.0
   Compiling castaway v0.2.3
   Compiling quick-xml v0.37.5
   Compiling tracing-core v0.1.34
   Compiling winnow v0.7.11
   Compiling unicode-width v0.1.14
   Compiling lazy_static v1.5.0
   Compiling rustc-demangle v0.1.25
   Compiling toml_write v0.1.2
   Compiling pin-project-lite v0.2.16
   Compiling regex-syntax v0.6.29
   Compiling static_assertions v1.1.0
   Compiling rustix v1.0.7
   Compiling roff v0.2.2
   Compiling bitflags v2.9.1
   Compiling toml_datetime v0.6.11
   Compiling serde_spanned v0.6.9
   Compiling indoc v2.0.6
   Compiling rustls v0.23.28
   Compiling http v1.3.1
   Compiling instability v0.3.7
   Compiling clap_mangen v0.2.27
   Compiling crossterm v0.28.1
   Compiling toml_edit v0.22.27
   Compiling backtrace v0.3.75
   Compiling plist v1.7.3
   Compiling compact_str v0.8.1
   Compiling regex-automata v0.1.10
   Compiling unicode-truncate v1.1.0
   Compiling regex v1.11.1
   Compiling pest_generator v2.8.1
   Compiling strum v0.26.3
   Compiling rustls-webpki v0.103.3
   Compiling tracing-attributes v0.1.30
   Compiling webpki-roots v1.0.1
   Compiling lru v0.12.5
   Compiling vte v0.14.1
   Compiling crc32fast v1.4.2
   Compiling overload v0.1.1
   Compiling cassowary v0.3.0
   Compiling minimal-lexical v0.2.1
   Compiling anyhow v1.0.98
   Compiling subtle v2.6.1
   Compiling unicode-width v0.2.0
   Compiling serde_json v1.0.140
   Compiling option-ext v0.2.0
   Compiling dirs-sys v0.5.0
   Compiling ratatui v0.29.0
   Compiling tracing v0.1.41
   Compiling nom v7.1.3
   Compiling flate2 v1.1.2
   Compiling nu-ansi-term v0.46.0
   Compiling strip-ansi-escapes v0.2.1
   Compiling webpki-roots v0.26.11
   Compiling uuid v1.17.0
   Compiling pest_derive v2.8.1
   Compiling rayon v1.10.0
   Compiling ureq-proto v0.4.2
   Compiling lazy-regex-proc_macros v3.4.1
   Compiling toml v0.8.23
   Compiling matchers v0.1.0
   Compiling os_info v3.12.0
   Compiling television v0.12.5
   Compiling sharded-slab v0.1.7
   Compiling tracing-log v0.2.0
   Compiling serde_with_macros v3.14.0
   Compiling tokio-macros v2.5.0
   Compiling nucleo-matcher v0.3.1
   Compiling console v0.15.11
   Compiling socket2 v0.5.10
   Compiling rustls-pemfile v2.2.0
   Compiling thread_local v1.1.9
   Compiling percent-encoding v2.3.1
   Compiling simdutf8 v0.1.5
   Compiling env_home v0.1.0
   Compiling same-file v1.0.6
   Compiling utf-8 v0.7.6
   Compiling regex-lite v0.1.6
   Compiling walkdir v2.5.0
   Compiling ansi-to-tui v7.0.0
   Compiling ureq v3.0.12
   Compiling which v8.0.0
   Compiling tracing-subscriber v0.3.19
   Compiling serde_with v3.14.0
   Compiling lazy-regex v3.4.1
   Compiling tokio v1.46.1
   Compiling better-panic v0.3.0
   Compiling nucleo v0.5.0
   Compiling human-panic v2.0.2
   Compiling string_pipeline v0.12.0
   Compiling directories v6.0.0
   Compiling devicons v0.6.12
   Compiling rustc-hash v2.1.1
   Compiling colored v3.0.0
    Finished `release` profile [optimized] target(s) in 2m 31s
  Installing /Users/zach/.cargo/bin/tv
   Installed package `television v0.12.5` (executable `tv`)
