$ cargo install --locked yazi-fm yazi-cli
    Updating crates.io index
  Downloaded yazi-fm v25.5.31
  Downloaded 1 crate (46.9KiB) in 0.27s
    Updating crates.io index
  Downloaded yazi-cli v25.5.31
  Downloaded 1 crate (27.3KiB) in 0.19s
  Installing yazi-fm v25.5.31
    Updating crates.io index
    Updating crates.io index
  Downloaded adler2 v2.0.0
  Downloaded derive_builder v0.20.2
  Downloaded malloc_buf v0.0.6
  Downloaded arc-swap v1.7.1
  Downloaded yazi-macro v25.5.31
  Downloaded proc-macro-error2 v2.0.1
  Downloaded fdlimit v0.3.0
  Downloaded color_quant v1.1.0
  Downloaded fsevent-sys v4.1.0
  Downloaded rand v0.8.5
  Downloaded mlua_derive v0.10.1
  Downloaded pkg-config v0.3.32
  Downloaded parking v2.2.1
  Downloaded new_debug_unreachable v1.0.6
  Downloaded loop9 v0.1.5
  Downloaded derive_builder_macro v0.20.2
  Downloaded noop_proc_macro v0.3.0
  Downloaded arg_enum_proc_macro v0.3.4
  Downloaded maybe-rayon v0.1.1
  Downloaded byteorder-lite v0.1.0
  Downloaded simd_helpers v0.1.0
  Downloaded notify-types v2.0.0
  Downloaded num-derive v0.4.2
  Downloaded num_threads v0.1.7
  Downloaded futures-sink v0.3.31
  Downloaded futures-io v0.3.31
  Downloaded lru v0.14.0
  Downloaded cfg-if v1.0.0
  Downloaded by_address v1.2.1
  Downloaded bitflags v1.3.2
  Downloaded num-integer v0.1.46
  Downloaded rustc_version v0.4.1
  Downloaded num-rational v0.4.2
  Downloaded funty v2.0.0
  Downloaded fast-srgb8 v1.0.0
  Downloaded v_frame v0.3.8
  Downloaded clap_derive v4.5.32
  Downloaded yazi-codegen v25.5.31
  Downloaded aligned-vec v0.5.0
  Downloaded document-features v0.2.11
  Downloaded bytemuck v1.23.0
  Downloaded yazi-ffi v25.5.31
  Downloaded ppv-lite86 v0.2.21
  Downloaded unicode-linebreak v0.1.5
  Downloaded tap v1.0.1
  Downloaded typeid v1.0.3
  Downloaded wasm-bindgen-macro v0.2.100
  Downloaded wyz v0.5.1
  Downloaded itertools v0.12.1
  Downloaded twox-hash v2.1.0
  Downloaded onig v6.5.1
  Downloaded crossterm v0.29.0
  Downloaded objc2-encode v4.1.0
  Downloaded yazi-adapter v25.5.31
  Downloaded zune-inflate v0.2.54
  Downloaded yazi-dds v25.5.31
  Downloaded yazi-widgets v25.5.31
  Downloaded image v0.25.6
  Downloaded quantette v0.3.0
  Downloaded yazi-config v25.5.31
  Downloaded zune-jpeg v0.4.14
  Downloaded yazi-core v25.5.31
  Downloaded yazi-plugin v25.5.31
  Downloaded wide v0.7.32
  Downloaded toml_edit v0.22.26
  Downloaded tokio-util v0.7.15
  Downloaded quick-xml v0.32.0
  Downloaded winnow v0.7.10
  Downloaded objc2 v0.5.2
  Downloaded palette v0.7.6
  Downloaded zerocopy v0.8.25
  Downloaded png v0.17.16
  Downloaded objc2-foundation v0.2.2
  Downloaded bstr v1.12.0
  Downloaded syn v2.0.101
  Downloaded qoi v0.4.1
  Downloaded plist v1.7.1
  Downloaded toml v0.8.22
  Downloaded safe_arch v0.7.4
  Downloaded wasm-bindgen v0.2.100
  Downloaded lua-src v547.0.0
  Downloaded tracing-core v0.1.33
  Downloaded trash v5.2.2
  Downloaded textwrap v0.16.2
  Downloaded exr v1.73.0
  Downloaded bitvec v1.0.1
  Downloaded yazi-shared v25.5.31
  Downloaded yazi-scheduler v25.5.31
  Downloaded yazi-fs v25.5.31
  Downloaded libc v0.2.172
  Downloaded yazi-boot v25.5.31
  Downloaded onig_sys v69.9.1
  Downloaded weezl v0.1.10
  Downloaded mlua v0.10.5
  Downloaded clap_builder v4.5.39
  Downloaded wasm-bindgen-macro-support v0.2.100
  Downloaded wasm-bindgen-backend v0.2.100
  Downloaded vergen v9.0.6
  Downloaded uzers v0.12.1
  Downloaded luajit-src v210.5.12+a4f56a4
  Downloaded tokio v1.45.1
  Downloaded syntect v5.2.0
  Downloaded tracing-attributes v0.1.28
  Downloaded toml_write v0.1.1
  Downloaded tokio-stream v0.1.17
  Downloaded thread_local v1.1.8
  Downloaded smallvec v1.15.0
  Downloaded yazi-prebuilt v0.1.0
  Downloaded semver v1.0.26
  Downloaded rand_core v0.6.4
  Downloaded futures-util v0.3.31
  Downloaded objc-sys v0.3.5
  Downloaded zune-core v0.4.12
  Downloaded yazi-term v25.5.31
  Downloaded yazi-proxy v25.5.31
  Downloaded yazi-binding v25.5.31
  Downloaded which v7.0.3
  Downloaded wasm-bindgen-shared v0.2.100
  Downloaded vergen-lib v0.1.6
  Downloaded vergen-gitcl v1.0.8
  Downloaded hashbrown v0.15.3
  Downloaded toml_datetime v0.6.9
  Downloaded cc v1.2.25
  Downloaded bumpalo v3.17.0
  Downloaded signal-hook-tokio v0.3.1
  Downloaded rustc-demangle v0.1.24
  Downloaded palette_derive v0.7.6
  Downloaded memchr v2.7.4
  Downloaded flate2 v1.1.1
  Downloaded tracing-appender v0.2.3
  Downloaded smawk v0.3.2
  Downloaded rand_chacha v0.3.1
  Downloaded num-bigint v0.4.6
  Downloaded indexmap v2.9.0
  Downloaded crossbeam-channel v0.5.15
  Downloaded serde-value v0.7.0
  Downloaded rgb v0.8.50
  Downloaded ravif v0.11.12
  Downloaded profiling v1.0.16
  Downloaded rav1e v0.7.1
  Downloaded half v2.6.0
  Downloaded derive_more-impl v2.0.1
  Downloaded miniz_oxide v0.8.8
  Downloaded imgref v1.11.0
  Downloaded image-webp v0.2.1
  Downloaded derive_more v2.0.1
  Downloaded clap_complete v4.5.51
  Downloaded clap v4.5.39
  Downloaded notify v8.0.0
  Downloaded mlua-sys v0.6.8
  Downloaded litrs v0.4.1
  Downloaded gif v0.13.1
  Downloaded futures-core v0.3.31
  Downloaded futures v0.3.31
  Downloaded fdeflate v0.3.7
  Downloaded concurrent-queue v2.5.0
  Downloaded built v0.7.7
  Downloaded block2 v0.5.1
  Downloaded bitstream-io v2.6.0
  Downloaded arrayvec v0.7.6
  Downloaded slab v0.4.9
  Downloaded simd-adler32 v0.3.7
  Downloaded serde_spanned v0.6.8
  Downloaded quick-error v2.0.1
  Downloaded proc-macro-error-attr2 v2.0.0
  Downloaded pin-utils v0.1.0
  Downloaded ordered-float v4.6.0
  Downloaded globset v0.4.16
  Downloaded derive_builder_core v0.20.2
  Downloaded clap_lex v0.7.4
  Downloaded clap_complete_nushell v4.5.6
  Downloaded bincode v1.3.3
  Downloaded jobserver v0.1.33
  Downloaded av1-grain v0.2.4
  Downloaded radium v0.7.0
  Downloaded ordered-float v2.10.1
  Downloaded objc v0.2.7
  Downloaded clap_complete_fig v4.5.2
  Downloaded anstream v0.6.18
  Downloaded futures-channel v0.3.31
  Downloaded erased-serde v0.4.6
  Downloaded bit_field v0.10.2
  Downloaded autocfg v1.4.0
  Downloaded async-priority-channel v0.2.0
  Downloaded anstyle v1.0.10
  Downloaded lebe v0.5.2
  Downloaded futures-task v0.3.31
  Downloaded futures-macro v0.3.31
  Downloaded futures-executor v0.3.31
  Downloaded dirs v6.0.0
  Downloaded convert_case v0.7.1
  Downloaded colorchoice v1.0.3
  Downloaded approx v0.5.1
  Downloaded filetime v0.2.25
  Downloaded event-listener v4.0.3
  Downloaded anstyle-parse v0.2.6
  Downloaded profiling-procmacros v1.0.16
  Downloaded errno v0.3.12
  Downloaded avif-serialize v0.8.3
  Downloaded anstyle-query v1.1.2
  Downloaded 200 crates (15.4MiB) in 2.60s (largest was `rav1e` at 1.4MiB)
   Compiling proc-macro2 v1.0.95
   Compiling unicode-ident v1.0.18
   Compiling libc v0.2.172
   Compiling autocfg v1.4.0
   Compiling cfg-if v1.0.0
   Compiling rustversion v1.0.21
   Compiling memchr v2.7.4
   Compiling strsim v0.11.1
   Compiling parking_lot_core v0.9.11
   Compiling log v0.4.27
   Compiling fnv v1.0.7
   Compiling thiserror v1.0.69
   Compiling ident_case v1.0.1
   Compiling anyhow v1.0.98
   Compiling signal-hook v0.3.18
   Compiling serde v1.0.219
   Compiling smallvec v1.15.0
   Compiling heck v0.5.0
   Compiling slab v0.4.9
   Compiling once_cell v1.21.3
   Compiling pin-project-lite v0.2.16
   Compiling lock_api v0.4.13
   Compiling rustix v0.38.44
   Compiling num-traits v0.2.19
   Compiling quote v1.0.40
   Compiling syn v2.0.101
   Compiling bitflags v2.9.1
   Compiling paste v1.0.15
   Compiling unicode-segmentation v1.12.0
   Compiling scopeguard v1.2.0
   Compiling allocator-api2 v0.2.21
   Compiling signal-hook-registry v1.4.5
   Compiling foldhash v0.1.5
   Compiling equivalent v1.0.2
   Compiling parking_lot v0.12.4
   Compiling hashbrown v0.15.3
   Compiling mio v1.0.4
   Compiling errno v0.3.12
   Compiling futures-core v0.3.31
   Compiling either v1.15.0
   Compiling convert_case v0.7.1
   Compiling itoa v1.0.15
   Compiling indoc v2.0.6
   Compiling rustix v1.0.7
   Compiling shlex v1.3.0
   Compiling futures-sink v0.3.31
   Compiling crossbeam-utils v0.8.21
   Compiling litrs v0.4.1
   Compiling cc v1.2.25
   Compiling ryu v1.0.20
   Compiling document-features v0.2.11
   Compiling signal-hook-mio v0.2.4
   Compiling darling_core v0.20.11
   Compiling futures-channel v0.3.31
   Compiling socket2 v0.5.10
   Compiling tracing-core v0.1.33
   Compiling bytes v1.10.1
   Compiling pin-utils v0.1.0
   Compiling regex-syntax v0.8.5
   Compiling futures-task v0.3.31
   Compiling simd-adler32 v0.3.7
   Compiling futures-io v0.3.31
   Compiling itertools v0.13.0
   Compiling castaway v0.2.3
   Compiling aho-corasick v1.1.3
   Compiling unicode-width v0.1.14
   Compiling serde_derive v1.0.219
   Compiling thiserror-impl v1.0.69
   Compiling futures-macro v0.3.31
   Compiling strum_macros v0.26.4
   Compiling darling_macro v0.20.11
   Compiling tokio-macros v2.5.0
   Compiling tracing-attributes v0.1.28
   Compiling darling v0.20.11
   Compiling derive_more-impl v2.0.1
   Compiling instability v0.3.7
   Compiling tokio v1.45.1
   Compiling futures-util v0.3.31
   Compiling unicode-width v0.2.0
   Compiling pkg-config v0.3.32
   Compiling static_assertions v1.1.0
   Compiling compact_str v0.8.1
   Compiling strum v0.26.3
   Compiling tracing v0.1.41
   Compiling derive_builder_core v0.20.2
   Compiling unicode-truncate v1.1.0
   Compiling regex-automata v0.4.9
   Compiling crossterm v0.28.1
   Compiling lru v0.12.5
   Compiling cassowary v0.3.0
   Compiling utf8parse v0.2.2
   Compiling adler2 v2.0.0
   Compiling semver v1.0.26
   Compiling miniz_oxide v0.8.8
   Compiling ratatui v0.29.0
   Compiling anstyle-parse v0.2.6
   Compiling futures-executor v0.3.31
   Compiling derive_builder_macro v0.20.2
   Compiling derive_more v2.0.1
   Compiling filedescriptor v0.8.3
   Compiling vergen-lib v0.1.6
   Compiling yazi-macro v25.5.31
   Compiling powerfmt v0.2.0
   Compiling anstyle v1.0.10
   Compiling is_terminal_polyfill v1.70.1
   Compiling anstyle-query v1.1.2
   Compiling colorchoice v1.0.3
   Compiling percent-encoding v2.3.1
   Compiling anstream v0.6.18
   Compiling crossterm v0.29.0
   Compiling deranged v0.4.0
   Compiling derive_builder v0.20.2
   Compiling futures v0.3.31
   Compiling indexmap v2.9.0
   Compiling regex v1.11.1
   Compiling clap_derive v4.5.32
   Compiling num-integer v0.1.46
   Compiling malloc_buf v0.0.6
   Compiling uzers v0.12.1
   Compiling num_threads v0.1.7
   Compiling vergen v9.0.6
   Compiling option-ext v0.2.0
   Compiling env_home v0.1.0
   Compiling time-core v0.1.4
   Compiling minimal-lexical v0.2.1
   Compiling clap_lex v0.7.4
   Compiling num-conv v0.1.0
   Compiling time v0.3.41
   Compiling clap_builder v4.5.39
   Compiling nom v7.1.3
   Compiling which v7.0.3
   Compiling yazi-shared v25.5.31
   Compiling dirs-sys v0.5.0
   Compiling objc v0.2.7
   Compiling num-bigint v0.4.6
   Compiling rustc_version v0.4.1
   Compiling bstr v1.12.0
   Compiling vergen-gitcl v1.0.8
   Compiling arrayvec v0.7.6
   Compiling aligned-vec v0.5.0
   Compiling bytemuck v1.23.0
   Compiling core-foundation-sys v0.8.7
   Compiling built v0.7.7
   Compiling num-rational v0.4.2
   Compiling rav1e v0.7.1
   Compiling yazi-ffi v25.5.31
   Compiling v_frame v0.3.8
   Compiling dirs v6.0.0
   Compiling clap v4.5.39
   Compiling luajit-src v210.5.12+a4f56a4
   Compiling toml_datetime v0.6.9
   Compiling serde_spanned v0.6.8
   Compiling profiling-procmacros v1.0.16
   Compiling crossbeam-epoch v0.9.18
   Compiling lua-src v547.0.0
   Compiling crc32fast v1.4.2
   Compiling radium v0.7.0
   Compiling winnow v0.7.10
   Compiling arc-swap v1.7.1
   Compiling toml_write v0.1.1
   Compiling typeid v1.0.3
   Compiling rayon-core v1.12.1
   Compiling yazi-fs v25.5.31
   Compiling flate2 v1.1.1
   Compiling crossbeam-deque v0.8.6
   Compiling profiling v1.0.16
   Compiling mlua-sys v0.6.8
   Compiling toml_edit v0.22.26
   Compiling clap_complete v4.5.51
   Compiling av1-grain v0.2.4
   Compiling arg_enum_proc_macro v0.3.4
   Compiling num-derive v0.4.2
   Compiling itertools v0.12.1
   Compiling simd_helpers v0.1.0
   Compiling proc-macro-error-attr2 v2.0.0
   Compiling maybe-rayon v0.1.1
   Compiling imgref v1.11.0
   Compiling new_debug_unreachable v1.0.6
   Compiling tap v1.0.1
   Compiling zerocopy v0.8.25
   Compiling bitflags v1.3.2
   Compiling by_address v1.2.1
   Compiling quick-error v2.0.1
   Compiling noop_proc_macro v0.3.0
   Compiling bitstream-io v2.6.0
   Compiling palette v0.7.6
   Compiling toml v0.8.22
   Compiling palette_derive v0.7.6
   Compiling wyz v0.5.1
   Compiling loop9 v0.1.5
   Compiling proc-macro-error2 v2.0.1
   Compiling safe_arch v0.7.4
   Compiling avif-serialize v0.8.3
   Compiling globset v0.4.16
   Compiling yazi-term v25.5.31
   Compiling yazi-codegen v25.5.31
   Compiling zune-inflate v0.2.54
   Compiling fdeflate v0.3.7
   Compiling ordered-float v2.10.1
   Compiling half v2.6.0
   Compiling byteorder-lite v0.1.0
   Compiling color_quant v1.1.0
   Compiling serde_json v1.0.140
   Compiling funty v2.0.0
   Compiling base64 v0.22.1
   Compiling bit_field v0.10.2
   Compiling fast-srgb8 v1.0.0
   Compiling lebe v0.5.2
   Compiling weezl v0.1.10
   Compiling zune-core v0.4.12
   Compiling rgb v0.8.50
   Compiling gif v0.13.1
   Compiling ravif v0.11.12
   Compiling zune-jpeg v0.4.14
   Compiling bitvec v1.0.1
   Compiling exr v1.73.0
   Compiling image-webp v0.2.1
   Compiling serde-value v0.7.0
   Compiling png v0.17.16
   Compiling yazi-config v25.5.31
   Compiling wide v0.7.32
   Compiling erased-serde v0.4.6
   Compiling mlua_derive v0.10.1
   Compiling clap_complete_nushell v4.5.6
   Compiling clap_complete_fig v4.5.2
   Compiling qoi v0.4.1
   Compiling onig_sys v69.9.1
   Compiling ordered-float v4.6.0
   Compiling getrandom v0.2.16
   Compiling simdutf8 v0.1.5
   Compiling rustc-hash v2.1.1
   Compiling ppv-lite86 v0.2.21
   Compiling mlua v0.10.5
   Compiling quantette v0.3.0
   Compiling ansi-to-tui v7.0.0
   Compiling rand_core v0.6.4
   Compiling yazi-boot v25.5.31
   Compiling image v0.25.6
   Compiling objc-sys v0.3.5
   Compiling same-file v1.0.6
   Compiling walkdir v2.5.0
   Compiling yazi-adapter v25.5.31
   Compiling rand_chacha v0.3.1
   Compiling yazi-dds v25.5.31
   Compiling quick-xml v0.32.0
   Compiling plist v1.7.1
   Compiling onig v6.5.1
   Compiling rand v0.8.5
   Compiling yazi-binding v25.5.31
   Compiling tokio-stream v0.1.17
   Compiling tokio-util v0.7.15
   Compiling bincode v1.3.3
   Compiling objc2-encode v4.1.0
   Compiling syntect v5.2.0
   Compiling objc2 v0.5.2
   Compiling twox-hash v2.1.0
   Compiling yazi-proxy v25.5.31
   Compiling concurrent-queue v2.5.0
   Compiling yazi-prebuilt v0.1.0
   Compiling parking v2.2.1
   Compiling regex-syntax v0.6.29
   Compiling object v0.36.7
   Compiling yazi-plugin v25.5.31
   Compiling event-listener v4.0.3
   Compiling objc2-foundation v0.2.2
   Compiling regex-automata v0.1.10
   Compiling gimli v0.31.1
   Compiling overload v0.1.1
   Compiling lazy_static v1.5.0
   Compiling sharded-slab v0.1.7
   Compiling nu-ansi-term v0.46.0
   Compiling matchers v0.1.0
   Compiling trash v5.2.2
   Compiling async-priority-channel v0.2.0
   Compiling tracing-log v0.2.0
   Compiling lru v0.14.0
   Compiling filetime v0.2.25
   Compiling fsevent-sys v4.1.0
   Compiling addr2line v0.24.2
   Compiling thread_local v1.1.8
   Compiling notify-types v2.0.0
   Compiling rustc-demangle v0.1.24
   Compiling notify v8.0.0
   Compiling tracing-subscriber v0.3.19
   Compiling yazi-scheduler v25.5.31
   Compiling backtrace v0.3.75
   Compiling yazi-widgets v25.5.31
   Compiling crossbeam-channel v0.5.15
   Compiling console v0.15.11
   Compiling yazi-fm v25.5.31
   Compiling smawk v0.3.2
   Compiling unicode-linebreak v0.1.5
   Compiling textwrap v0.16.2
   Compiling better-panic v0.3.0
   Compiling tracing-appender v0.2.3
   Compiling yazi-core v25.5.31
   Compiling signal-hook-tokio v0.3.1
   Compiling fdlimit v0.3.0
    Finished `release` profile [optimized] target(s) in 2m 58s
  Installing /Users/zach/.cargo/bin/yazi
   Installed package `yazi-fm v25.5.31` (executable `yazi`)
  Installing yazi-cli v25.5.31
    Updating crates.io index
    Updating crates.io index
   Compiling proc-macro2 v1.0.95
   Compiling unicode-ident v1.0.18
   Compiling libc v0.2.172
   Compiling autocfg v1.4.0
   Compiling rustversion v1.0.21
   Compiling strsim v0.11.1
   Compiling cfg-if v1.0.0
   Compiling parking_lot_core v0.9.11
   Compiling ident_case v1.0.1
   Compiling anyhow v1.0.98
   Compiling fnv v1.0.7
   Compiling signal-hook v0.3.18
   Compiling thiserror v1.0.69
   Compiling heck v0.5.0
   Compiling memchr v2.7.4
   Compiling slab v0.4.9
   Compiling log v0.4.27
   Compiling rustix v0.38.44
   Compiling unicode-segmentation v1.12.0
   Compiling serde v1.0.219
   Compiling paste v1.0.15
   Compiling smallvec v1.15.0
   Compiling quote v1.0.40
   Compiling syn v2.0.101
   Compiling num-traits v0.2.19
   Compiling lock_api v0.4.13
   Compiling bitflags v2.9.1
   Compiling convert_case v0.7.1
   Compiling either v1.15.0
   Compiling scopeguard v1.2.0
   Compiling rustix v1.0.7
   Compiling errno v0.3.12
   Compiling signal-hook-registry v1.4.5
   Compiling indoc v2.0.6
   Compiling mio v1.0.4
   Compiling parking_lot v0.12.4
   Compiling litrs v0.4.1
   Compiling pin-project-lite v0.2.16
   Compiling futures-core v0.3.31
   Compiling itoa v1.0.15
   Compiling foldhash v0.1.5
   Compiling document-features v0.2.11
   Compiling allocator-api2 v0.2.21
   Compiling equivalent v1.0.2
   Compiling hashbrown v0.15.3
   Compiling futures-sink v0.3.31
   Compiling once_cell v1.21.3
   Compiling utf8parse v0.2.2
   Compiling semver v1.0.26
   Compiling anstyle-parse v0.2.6
   Compiling darling_core v0.20.11
   Compiling signal-hook-mio v0.2.4
   Compiling futures-channel v0.3.31
   Compiling itertools v0.13.0
   Compiling vergen-lib v0.1.6
   Compiling colorchoice v1.0.3
   Compiling futures-task v0.3.31
   Compiling anstyle-query v1.1.2
   Compiling ryu v1.0.20
   Compiling powerfmt v0.2.0
   Compiling is_terminal_polyfill v1.70.1
   Compiling pin-utils v0.1.0
   Compiling anstyle v1.0.10
   Compiling futures-io v0.3.31
   Compiling deranged v0.4.0
   Compiling anstream v0.6.18
   Compiling socket2 v0.5.10
   Compiling num_threads v0.1.7
   Compiling castaway v0.2.3
   Compiling vergen v9.0.6
   Compiling num-conv v0.1.0
   Compiling bytes v1.10.1
   Compiling time-core v0.1.4
   Compiling unicode-width v0.1.14
   Compiling static_assertions v1.1.0
   Compiling serde_derive v1.0.219
   Compiling thiserror-impl v1.0.69
   Compiling futures-macro v0.3.31
   Compiling strum_macros v0.26.4
   Compiling tokio-macros v2.5.0
   Compiling darling_macro v0.20.11
   Compiling derive_more-impl v2.0.1
   Compiling tracing-attributes v0.1.28
   Compiling darling v0.20.11
   Compiling futures-util v0.3.31
   Compiling instability v0.3.7
   Compiling derive_builder_core v0.20.2
   Compiling clap_derive v4.5.32
   Compiling clap_lex v0.7.4
   Compiling unicode-truncate v1.1.0
   Compiling derive_builder_macro v0.20.2
   Compiling clap_builder v4.5.39
   Compiling tokio v1.45.1
   Compiling strum v0.26.3
   Compiling derive_builder v0.20.2
   Compiling compact_str v0.8.1
   Compiling time v0.3.41
   Compiling crossterm v0.28.1
   Compiling rustc_version v0.4.1
   Compiling lru v0.12.5
   Compiling vergen-gitcl v1.0.8
   Compiling simd-adler32 v0.3.7
   Compiling cassowary v0.3.0
   Compiling crossbeam-utils v0.8.21
   Compiling unicode-width v0.2.0
   Compiling ratatui v0.29.0
   Compiling futures-executor v0.3.31
   Compiling clap v4.5.39
   Compiling filedescriptor v0.8.3
   Compiling derive_more v2.0.1
   Compiling tracing-core v0.1.33
   Compiling num-integer v0.1.46
   Compiling aho-corasick v1.1.3
   Compiling regex-syntax v0.8.5
   Compiling minimal-lexical v0.2.1
   Compiling shlex v1.3.0
   Compiling yazi-macro v25.5.31
   Compiling cc v1.2.25
   Compiling nom v7.1.3
   Compiling tracing v0.1.41
   Compiling crossterm v0.29.0
   Compiling num-bigint v0.4.6
   Compiling regex-automata v0.4.9
   Compiling clap_complete v4.5.51
   Compiling futures v0.3.31
   Compiling malloc_buf v0.0.6
   Compiling uzers v0.12.1
   Compiling arrayvec v0.7.6
   Compiling bytemuck v1.23.0
   Compiling serde_json v1.0.140
   Compiling percent-encoding v2.3.1
   Compiling env_home v0.1.0
   Compiling option-ext v0.2.0
   Compiling built v0.7.7
   Compiling adler2 v2.0.0
   Compiling aligned-vec v0.5.0
   Compiling v_frame v0.3.8
   Compiling miniz_oxide v0.8.8
   Compiling rav1e v0.7.1
   Compiling dirs-sys v0.5.0
   Compiling which v7.0.3
   Compiling yazi-shared v25.5.31
   Compiling objc v0.2.7
   Compiling crossbeam-epoch v0.9.18
   Compiling num-rational v0.4.2
   Compiling bstr v1.12.0
   Compiling profiling-procmacros v1.0.16
   Compiling radium v0.7.0
   Compiling rayon-core v1.12.1
   Compiling core-foundation-sys v0.8.7
   Compiling yazi-ffi v25.5.31
   Compiling profiling v1.0.16
   Compiling av1-grain v0.2.4
   Compiling crossbeam-deque v0.8.6
   Compiling luajit-src v210.5.12+a4f56a4
   Compiling dirs v6.0.0
   Compiling regex v1.11.1
   Compiling clap_complete_nushell v4.5.6
   Compiling clap_complete_fig v4.5.2
   Compiling lua-src v547.0.0
   Compiling toml_datetime v0.6.9
   Compiling indexmap v2.9.0
   Compiling serde_spanned v0.6.8
   Compiling num-derive v0.4.2
   Compiling arg_enum_proc_macro v0.3.4
   Compiling itertools v0.12.1
   Compiling simd_helpers v0.1.0
   Compiling maybe-rayon v0.1.1
   Compiling crc32fast v1.4.2
   Compiling bitstream-io v2.6.0
   Compiling by_address v1.2.1
   Compiling imgref v1.11.0
   Compiling noop_proc_macro v0.3.0
   Compiling zerocopy v0.8.25
   Compiling winnow v0.7.10
   Compiling arc-swap v1.7.1
   Compiling quick-error v2.0.1
   Compiling new_debug_unreachable v1.0.6
   Compiling pkg-config v0.3.32
   Compiling typeid v1.0.3
   Compiling tap v1.0.1
   Compiling palette v0.7.6
   Compiling toml_write v0.1.1
   Compiling mlua-sys v0.6.8
   Compiling wyz v0.5.1
   Compiling yazi-fs v25.5.31
   Compiling loop9 v0.1.5
   Compiling palette_derive v0.7.6
   Compiling flate2 v1.1.1
   Compiling toml_edit v0.22.26
   Compiling safe_arch v0.7.4
   Compiling avif-serialize v0.8.3
   Compiling fdeflate v0.3.7
   Compiling zune-inflate v0.2.54
   Compiling proc-macro-error-attr2 v2.0.0
   Compiling half v2.6.0
   Compiling funty v2.0.0
   Compiling bitflags v1.3.2
   Compiling bit_field v0.10.2
   Compiling color_quant v1.1.0
   Compiling rgb v0.8.50
   Compiling weezl v0.1.10
   Compiling byteorder-lite v0.1.0
   Compiling zune-core v0.4.12
   Compiling lebe v0.5.2
   Compiling fast-srgb8 v1.0.0
   Compiling exr v1.73.0
   Compiling zune-jpeg v0.4.14
   Compiling gif v0.13.1
   Compiling image-webp v0.2.1
   Compiling bitvec v1.0.1
   Compiling toml v0.8.22
   Compiling ravif v0.11.12
   Compiling png v0.17.16
   Compiling proc-macro-error2 v2.0.1
   Compiling wide v0.7.32
   Compiling globset v0.4.16
   Compiling yazi-term v25.5.31
   Compiling qoi v0.4.1
   Compiling yazi-codegen v25.5.31
   Compiling ordered-float v4.6.0
   Compiling ordered-float v2.10.1
   Compiling getrandom v0.2.16
   Compiling simdutf8 v0.1.5
   Compiling ansi-to-tui v7.0.0
   Compiling rand_core v0.6.4
   Compiling serde-value v0.7.0
   Compiling quantette v0.3.0
   Compiling yazi-config v25.5.31
   Compiling image v0.25.6
   Compiling ppv-lite86 v0.2.21
   Compiling erased-serde v0.4.6
   Compiling mlua_derive v0.10.1
   Compiling yazi-boot v25.5.31
   Compiling rustc-hash v2.1.1
   Compiling base64 v0.22.1
   Compiling rand_chacha v0.3.1
   Compiling mlua v0.10.5
   Compiling yazi-dds v25.5.31
   Compiling yazi-cli v25.5.31
   Compiling rand v0.8.5
   Compiling yazi-adapter v25.5.31
   Compiling tokio-stream v0.1.17
   Compiling tokio-util v0.7.15
   Compiling yazi-binding v25.5.31
   Compiling twox-hash v2.1.0
    Finished `release` profile [optimized] target(s) in 4m 55s
  Installing /Users/zach/.cargo/bin/ya
   Installed package `yazi-cli v25.5.31` (executable `ya`)
     Summary Successfully installed yazi-fm, yazi-cli!
